clinet.c	381	true	2020-07-24 14:56:42	已经连接上服务器
clinet.c	381	true	2020-07-24 14:56:43	退出系统
clinet.c	381	true	2020-07-24 15:01:53	已经连接上服务器
clinet.c	381	true	2020-07-24 15:01:57	退出系统
clinet.c	381	true	2020-07-24 15:03:03	已经连接上服务器
clinet.c	381	true	2020-07-24 15:03:04	退出系统
ccommon.c	257	false	2020-07-24 15:13:32	连接失败
ccommon.c	257	true	2020-07-24 15:13:36	已经连接上服务器
ccommon.c	257	true	2020-07-24 15:13:39	退出系统
ccommon.c	257	false	2020-07-24 15:22:14	连接失败
ccommon.c	257	true	2020-07-24 15:35:53	已经连接上服务器
ccommon.c	257	true	2020-07-24 15:35:57	退出系统
ccommon.c	257	true	2020-07-24 17:50:18	已经连接上服务器
ccommon.c	257	true	2020-07-24 17:50:42	已经连接上服务器
ccommon.c	257	true	2020-07-24 17:50:54	退出系统
ccommon.c	257	true	2020-07-24 17:51:00	已经连接上服务器
ccommon.c	257	true	2020-07-24 20:06:28	已经连接上服务器
ccommon.c	257	true	2020-07-24 20:06:32	退出系统
ccommon.c	257	true	2020-07-24 20:08:09	已经连接上服务器
ccommon.c	257	true	2020-07-24 20:08:10	已经连接上服务器
ccommon.c	257	true	2020-07-24 20:08:19	已经连接上服务器
ccommon.c	259	true	2020-07-24 20:14:08	已经连接上服务器
ccommon.c	259	true	2020-07-24 20:17:19	已经连接上服务器
ccommon.c	259	true	2020-07-24 20:19:41	已经连接上服务器
ccommon.c	259	true	2020-07-24 20:20:38	已经连接上服务器
ccommon.c	259	true	2020-07-24 20:49:37	已经连接上服务器
ccommon.c	259	false	2020-07-24 20:49:49	接收学生管理结构
ccommon.c	259	true	2020-07-24 21:12:27	已经连接上服务器
ccommon.c	259	true	2020-07-24 21:13:22	已经连接上服务器
ccommon.c	259	true	2020-07-24 21:17:34	已经连接上服务器
ccommon.c	259	true	2020-07-24 21:18:04	已经连接上服务器
ccommon.c	259	false	2020-07-24 21:18:06	连接失败
ccommon.c	259	false	2020-07-24 21:18:06	连接失败
ccommon.c	259	false	2020-07-24 21:18:07	连接失败
ccommon.c	259	false	2020-07-24 21:18:07	连接失败
ccommon.c	259	false	2020-07-24 21:18:08	连接失败
ccommon.c	259	false	2020-07-24 21:18:09	连接失败
ccommon.c	259	false	2020-07-24 21:18:10	连接失败
ccommon.c	259	true	2020-07-24 21:18:21	已经连接上服务器
ccommon.c	259	false	2020-07-24 21:18:23	连接失败
ccommon.c	259	true	2020-07-24 21:19:28	已经连接上服务器
ccommon.c	259	true	2020-07-24 21:20:18	已经连接上服务器
ccommon.c	259	false	2020-07-24 21:20:20	连接失败
ccommon.c	259	false	2020-07-24 21:20:25	连接失败
ccommon.c	259	true	2020-07-24 21:22:04	已经连接上服务器
ccommon.c	259	true	2020-07-24 21:22:35	已经连接上服务器
ccommon.c	259	true	2020-07-24 21:23:34	已经连接上服务器
ccommon.c	261	true	2020-07-24 21:32:29	已经连接上服务器
ccommon.c	261	true	2020-07-24 21:32:29	接收学生管理结构
ccommon.c	261	true	2020-07-24 21:32:35	退出系统
ccommon.c	261	false	2020-07-24 21:32:52	连接失败
ccommon.c	261	false	2020-07-24 21:33:06	连接失败
ccommon.c	261	true	2020-07-24 21:36:56	已经连接上服务器
ccommon.c	261	true	2020-07-24 21:36:56	接收学生管理结构
ccommon.c	261	true	2020-07-24 21:36:59	退出系统
ccommon.c	261	true	2020-07-24 21:37:22	已经连接上服务器
ccommon.c	261	true	2020-07-24 21:37:22	接收学生管理结构
ccommon.c	261	true	2020-07-24 21:37:27	退出系统
ccommon.c	261	true	2020-07-24 21:37:32	已经连接上服务器
ccommon.c	261	true	2020-07-24 21:37:32	接收学生管理结构
ccommon.c	261	true	2020-07-24 21:41:18	已经连接上服务器
ccommon.c	261	true	2020-07-24 21:41:18	接收学生管理结构
ccommon.c	261	true	2020-07-24 21:41:21	退出系统
ccommon.c	261	true	2020-07-24 21:51:17	已经连接上服务器
ccommon.c	261	true	2020-07-24 21:51:17	接收学生管理结构
ccommon.c	261	true	2020-07-24 21:51:20	退出系统
ccommon.c	261	false	2020-07-24 21:51:23	连接失败
ccommon.c	261	true	2020-07-24 21:51:34	已经连接上服务器
ccommon.c	261	true	2020-07-24 21:51:34	接收学生管理结构
ccommon.c	261	true	2020-07-24 21:51:41	退出系统
ccommon.c	261	false	2020-07-24 21:51:45	连接失败
ccommon.c	261	true	2020-07-24 21:51:53	已经连接上服务器
ccommon.c	261	true	2020-07-24 21:51:53	接收学生管理结构
ccommon.c	261	true	2020-07-24 21:51:55	退出系统
ccommon.c	261	true	2020-07-24 21:54:33	已经连接上服务器
ccommon.c	261	true	2020-07-24 21:54:33	接收学生管理结构
ccommon.c	261	true	2020-07-24 21:54:35	退出系统
ccommon.c	261	true	2020-07-24 21:55:43	已经连接上服务器
ccommon.c	261	true	2020-07-24 21:55:43	接收学生管理结构
ccommon.c	261	true	2020-07-24 21:55:46	退出系统
ccommon.c	261	true	2020-07-24 21:57:37	已经连接上服务器
ccommon.c	261	true	2020-07-24 21:57:37	接收学生管理结构
ccommon.c	261	true	2020-07-24 21:57:40	退出系统
ccommon.c	261	true	2020-07-24 22:00:52	已经连接上服务器
ccommon.c	261	true	2020-07-24 22:00:52	接收学生管理结构
ccommon.c	261	true	2020-07-24 22:00:55	退出系统
ccommon.c	261	true	2020-07-24 22:02:39	已经连接上服务器
ccommon.c	261	true	2020-07-24 22:02:39	接收学生管理结构
ccommon.c	261	true	2020-07-24 22:02:46	退出系统
ccommon.c	261	true	2020-07-24 22:03:08	已经连接上服务器
ccommon.c	261	true	2020-07-24 22:03:08	接收学生管理结构
ccommon.c	261	true	2020-07-24 22:03:11	退出系统
ccommon.c	261	true	2020-07-24 22:04:42	已经连接上服务器
ccommon.c	261	true	2020-07-24 22:04:42	接收学生管理结构
ccommon.c	261	true	2020-07-24 22:04:49	退出系统
ccommon.c	261	true	2020-07-24 22:04:52	已经连接上服务器
ccommon.c	261	true	2020-07-24 22:04:52	接收学生管理结构
ccommon.c	261	true	2020-07-24 22:04:56	退出系统
ccommon.c	261	true	2020-07-24 22:05:03	已经连接上服务器
ccommon.c	261	true	2020-07-24 22:05:03	接收学生管理结构
ccommon.c	261	true	2020-07-24 22:05:36	已经连接上服务器
ccommon.c	261	true	2020-07-24 22:05:36	接收学生管理结构
ccommon.c	261	true	2020-07-24 22:05:42	退出系统
ccommon.c	261	true	2020-07-24 22:05:43	已经连接上服务器
ccommon.c	261	true	2020-07-24 22:05:43	接收学生管理结构
ccommon.c	261	true	2020-07-24 22:05:53	退出系统
ccommon.c	261	true	2020-07-24 22:05:56	已经连接上服务器
ccommon.c	261	true	2020-07-24 22:05:56	接收学生管理结构
ccommon.c	261	true	2020-07-24 22:06:44	已经连接上服务器
ccommon.c	261	true	2020-07-24 22:06:44	接收学生管理结构
ccommon.c	261	true	2020-07-24 22:06:49	退出系统
ccommon.c	261	true	2020-07-24 22:06:51	已经连接上服务器
ccommon.c	261	true	2020-07-24 22:06:51	接收学生管理结构
ccommon.c	261	true	2020-07-24 22:07:06	退出系统
ccommon.c	261	true	2020-07-24 22:07:17	已经连接上服务器
ccommon.c	261	true	2020-07-24 22:07:17	接收学生管理结构
ccommon.c	261	false	2020-07-24 22:07:57	连接失败
ccommon.c	261	false	2020-07-24 22:08:01	连接失败
ccommon.c	261	true	2020-07-24 22:08:31	已经连接上服务器
ccommon.c	261	true	2020-07-24 22:08:31	接收学生管理结构
ccommon.c	261	true	2020-07-24 22:08:35	退出系统
ccommon.c	261	true	2020-07-24 22:08:44	已经连接上服务器
ccommon.c	261	true	2020-07-24 22:08:44	接收学生管理结构
ccommon.c	261	true	2020-07-24 22:08:50	退出系统
ccommon.c	261	true	2020-07-24 22:08:53	已经连接上服务器
ccommon.c	261	true	2020-07-24 22:08:53	接收学生管理结构
ccommon.c	261	true	2020-07-24 22:10:34	已经连接上服务器
ccommon.c	261	true	2020-07-24 22:10:34	接收学生管理结构
ccommon.c	261	true	2020-07-24 22:10:47	退出系统
ccommon.c	261	true	2020-07-24 22:10:52	已经连接上服务器
ccommon.c	261	true	2020-07-24 22:10:52	接收学生管理结构
ccommon.c	261	true	2020-07-24 22:10:59	退出系统
ccommon.c	261	true	2020-07-24 22:11:02	已经连接上服务器
ccommon.c	261	true	2020-07-24 22:11:02	接收学生管理结构
ccommon.c	261	true	2020-07-24 22:13:11	已经连接上服务器
ccommon.c	261	true	2020-07-24 22:13:11	接收学生管理结构
ccommon.c	261	true	2020-07-24 22:13:36	退出系统
ccommon.c	261	true	2020-07-24 22:15:55	已经连接上服务器
ccommon.c	261	true	2020-07-24 22:15:55	接收学生管理结构
ccommon.c	261	true	2020-07-24 22:16:11	退出系统
ccommon.c	261	true	2020-07-24 22:16:57	已经连接上服务器
ccommon.c	261	true	2020-07-24 22:16:57	接收学生管理结构
ccommon.c	261	true	2020-07-24 22:21:41	已经连接上服务器
ccommon.c	261	true	2020-07-24 22:21:41	接收学生管理结构
ccommon.c	261	true	2020-07-24 22:21:43	退出系统
ccommon.c	261	true	2020-07-24 22:21:45	已经连接上服务器
ccommon.c	261	true	2020-07-24 22:21:45	接收学生管理结构
ccommon.c	261	true	2020-07-24 22:22:13	退出系统
ccommon.c	261	true	2020-07-24 22:24:02	已经连接上服务器
ccommon.c	261	true	2020-07-24 22:24:02	接收学生管理结构
ccommon.c	261	true	2020-07-24 22:24:16	已经连接上服务器
ccommon.c	261	true	2020-07-24 22:24:16	接收学生管理结构
ccommon.c	261	true	2020-07-24 22:24:37	退出系统
ccommon.c	261	true	2020-07-24 22:25:01	已经连接上服务器
ccommon.c	261	true	2020-07-24 22:25:01	接收学生管理结构
ccommon.c	261	true	2020-07-24 22:25:03	退出系统
ccommon.c	261	true	2020-07-24 22:25:07	已经连接上服务器
ccommon.c	261	true	2020-07-24 22:25:07	接收学生管理结构
ccommon.c	261	false	2020-07-24 22:25:59	连接失败
ccommon.c	261	true	2020-07-24 22:26:50	已经连接上服务器
ccommon.c	261	true	2020-07-24 22:26:50	接收学生管理结构
ccommon.c	261	true	2020-07-24 22:26:54	退出系统
ccommon.c	261	true	2020-07-24 22:26:56	已经连接上服务器
ccommon.c	261	true	2020-07-24 22:26:56	接收学生管理结构
ccommon.c	261	true	2020-07-24 22:26:58	退出系统
ccommon.c	261	true	2020-07-24 22:27:00	已经连接上服务器
ccommon.c	261	true	2020-07-24 22:27:00	接收学生管理结构
ccommon.c	261	true	2020-07-24 22:28:15	已经连接上服务器
ccommon.c	261	true	2020-07-24 22:28:15	接收学生管理结构
ccommon.c	261	true	2020-07-24 22:28:31	退出系统
ccommon.c	261	true	2020-07-24 22:28:42	已经连接上服务器
ccommon.c	261	true	2020-07-24 22:28:42	接收学生管理结构
ccommon.c	261	true	2020-07-24 22:28:45	退出系统
ccommon.c	261	true	2020-07-24 22:28:48	已经连接上服务器
ccommon.c	261	true	2020-07-24 22:28:48	接收学生管理结构
ccommon.c	261	false	2020-07-24 22:29:23	连接失败
ccommon.c	261	false	2020-07-24 22:29:28	连接失败
ccommon.c	261	false	2020-07-24 22:29:29	连接失败
ccommon.c	261	true	2020-07-24 22:29:42	已经连接上服务器
ccommon.c	261	true	2020-07-24 22:29:42	接收学生管理结构
ccommon.c	261	true	2020-07-24 22:29:46	退出系统
ccommon.c	261	true	2020-07-24 22:29:50	已经连接上服务器
ccommon.c	261	true	2020-07-24 22:29:50	接收学生管理结构
ccommon.c	261	true	2020-07-24 22:29:54	退出系统
ccommon.c	261	true	2020-07-24 22:29:57	已经连接上服务器
ccommon.c	261	true	2020-07-24 22:29:57	接收学生管理结构
ccommon.c	261	true	2020-07-24 22:30:08	已经连接上服务器
ccommon.c	261	true	2020-07-24 22:35:40	已经连接上服务器
ccommon.c	261	true	2020-07-24 22:35:40	接收学生管理结构
ccommon.c	261	true	2020-07-24 22:35:42	退出系统
ccommon.c	261	true	2020-07-24 22:35:43	已经连接上服务器
ccommon.c	261	true	2020-07-24 22:35:43	接收学生管理结构
ccommon.c	261	true	2020-07-24 22:35:44	退出系统
ccommon.c	261	true	2020-07-24 22:35:45	已经连接上服务器
ccommon.c	261	true	2020-07-24 22:35:45	接收学生管理结构
ccommon.c	261	true	2020-07-24 22:38:45	已经连接上服务器
ccommon.c	261	true	2020-07-24 22:38:45	接收学生管理结构
ccommon.c	261	true	2020-07-24 22:38:50	退出系统
ccommon.c	261	true	2020-07-24 22:38:58	已经连接上服务器
ccommon.c	261	true	2020-07-24 22:38:58	接收学生管理结构
ccommon.c	261	true	2020-07-24 22:38:59	退出系统
ccommon.c	261	true	2020-07-24 22:39:02	已经连接上服务器
ccommon.c	261	true	2020-07-24 22:39:02	接收学生管理结构
ccommon.c	261	true	2020-07-24 22:42:24	已经连接上服务器
ccommon.c	261	true	2020-07-24 22:42:24	接收学生管理结构
ccommon.c	261	true	2020-07-24 22:42:26	退出系统
ccommon.c	261	true	2020-07-24 22:42:30	已经连接上服务器
ccommon.c	261	true	2020-07-24 22:42:30	接收学生管理结构
ccommon.c	261	true	2020-07-24 22:42:32	退出系统
ccommon.c	261	true	2020-07-24 22:42:36	已经连接上服务器
ccommon.c	261	true	2020-07-24 22:42:36	接收学生管理结构
ccommon.c	261	true	2020-07-24 22:46:13	已经连接上服务器
ccommon.c	261	true	2020-07-24 22:46:13	接收学生管理结构
ccommon.c	261	true	2020-07-24 22:46:15	退出系统
ccommon.c	261	true	2020-07-24 22:46:19	已经连接上服务器
ccommon.c	261	true	2020-07-24 22:46:19	接收学生管理结构
ccommon.c	261	true	2020-07-24 22:46:20	退出系统
ccommon.c	261	true	2020-07-24 22:46:27	已经连接上服务器
ccommon.c	261	true	2020-07-24 22:46:27	接收学生管理结构
ccommon.c	261	true	2020-07-24 22:46:29	退出系统
ccommon.c	261	true	2020-07-24 22:46:31	已经连接上服务器
ccommon.c	261	true	2020-07-24 22:46:31	接收学生管理结构
ccommon.c	261	true	2020-07-24 22:46:32	退出系统
ccommon.c	261	true	2020-07-24 22:46:35	已经连接上服务器
ccommon.c	261	true	2020-07-24 22:46:35	接收学生管理结构
ccommon.c	261	true	2020-07-24 22:46:36	退出系统
ccommon.c	261	true	2020-07-24 22:46:39	已经连接上服务器
ccommon.c	261	true	2020-07-24 22:46:39	接收学生管理结构
ccommon.c	261	true	2020-07-24 22:46:39	退出系统
ccommon.c	261	true	2020-07-24 22:46:42	已经连接上服务器
ccommon.c	261	true	2020-07-24 22:46:42	接收学生管理结构
ccommon.c	261	true	2020-07-24 22:46:43	退出系统
ccommon.c	261	true	2020-07-24 22:46:59	已经连接上服务器
ccommon.c	261	true	2020-07-24 22:46:59	接收学生管理结构
ccommon.c	261	true	2020-07-24 22:47:00	退出系统
ccommon.c	261	true	2020-07-24 22:47:01	已经连接上服务器
ccommon.c	261	true	2020-07-24 22:47:01	接收学生管理结构
ccommon.c	261	true	2020-07-24 22:47:03	退出系统
ccommon.c	261	true	2020-07-24 22:47:04	已经连接上服务器
ccommon.c	261	true	2020-07-24 22:47:04	接收学生管理结构
ccommon.c	261	true	2020-07-24 22:47:16	退出系统
ccommon.c	261	true	2020-07-24 22:48:17	已经连接上服务器
ccommon.c	261	true	2020-07-24 22:48:17	接收学生管理结构
ccommon.c	261	true	2020-07-24 22:48:18	退出系统
ccommon.c	261	true	2020-07-24 22:48:18	已经连接上服务器
ccommon.c	261	true	2020-07-24 22:48:18	接收学生管理结构
ccommon.c	261	true	2020-07-24 22:48:20	退出系统
ccommon.c	261	true	2020-07-24 22:48:21	已经连接上服务器
ccommon.c	261	true	2020-07-24 22:48:21	接收学生管理结构
ccommon.c	261	true	2020-07-24 22:48:21	退出系统
ccommon.c	261	true	2020-07-24 22:48:22	已经连接上服务器
ccommon.c	261	true	2020-07-24 22:48:22	接收学生管理结构
ccommon.c	261	true	2020-07-24 22:48:22	退出系统
ccommon.c	261	true	2020-07-24 22:48:24	已经连接上服务器
ccommon.c	261	true	2020-07-24 22:48:24	接收学生管理结构
ccommon.c	261	true	2020-07-24 22:48:25	退出系统
ccommon.c	261	true	2020-07-24 22:48:26	已经连接上服务器
ccommon.c	261	true	2020-07-24 22:48:26	接收学生管理结构
ccommon.c	261	true	2020-07-24 22:48:26	退出系统
ccommon.c	261	true	2020-07-24 22:48:27	已经连接上服务器
ccommon.c	261	true	2020-07-24 22:48:27	接收学生管理结构
ccommon.c	261	true	2020-07-24 22:48:28	退出系统
ccommon.c	261	true	2020-07-24 22:48:36	已经连接上服务器
ccommon.c	261	true	2020-07-24 22:48:36	接收学生管理结构
ccommon.c	261	true	2020-07-24 22:48:37	退出系统
ccommon.c	261	true	2020-07-24 22:48:40	已经连接上服务器
ccommon.c	261	true	2020-07-24 22:48:40	接收学生管理结构
ccommon.c	261	true	2020-07-24 22:48:41	退出系统
ccommon.c	261	true	2020-07-24 22:48:43	已经连接上服务器
ccommon.c	261	true	2020-07-24 22:48:43	接收学生管理结构
ccommon.c	261	true	2020-07-24 22:48:44	退出系统
ccommon.c	261	true	2020-07-24 22:48:46	已经连接上服务器
ccommon.c	261	true	2020-07-24 22:48:46	接收学生管理结构
ccommon.c	261	true	2020-07-24 22:48:47	退出系统
ccommon.c	261	true	2020-07-24 22:50:33	已经连接上服务器
ccommon.c	261	true	2020-07-24 22:50:33	接收学生管理结构
ccommon.c	261	true	2020-07-24 22:50:46	退出系统
ccommon.c	261	true	2020-07-24 22:51:24	已经连接上服务器
ccommon.c	261	true	2020-07-24 22:51:24	接收学生管理结构
ccommon.c	261	true	2020-07-24 22:51:27	成功上传数据
ccommon.c	261	true	2020-07-24 22:51:36	退出系统
ccommon.c	261	false	2020-07-24 22:52:48	连接失败
ccommon.c	261	false	2020-07-24 22:52:50	连接失败
ccommon.c	261	true	2020-07-24 22:52:59	已经连接上服务器
ccommon.c	261	true	2020-07-24 22:52:59	接收学生管理结构
ccommon.c	261	true	2020-07-24 22:53:20	成功上传数据
ccommon.c	261	true	2020-07-24 22:53:21	退出系统
ccommon.c	261	true	2020-07-24 22:53:29	已经连接上服务器
ccommon.c	261	true	2020-07-24 22:53:29	接收学生管理结构
ccommon.c	261	true	2020-07-24 22:53:33	退出系统
ccommon.c	261	true	2020-07-24 22:54:11	已经连接上服务器
ccommon.c	261	true	2020-07-24 22:54:11	接收学生管理结构
ccommon.c	261	true	2020-07-24 22:54:13	退出系统
ccommon.c	261	true	2020-07-24 22:54:14	已经连接上服务器
ccommon.c	261	true	2020-07-24 22:54:14	接收学生管理结构
ccommon.c	261	true	2020-07-24 22:54:39	退出系统
ccommon.c	261	true	2020-07-24 22:55:44	已经连接上服务器
ccommon.c	261	true	2020-07-24 22:55:44	接收学生管理结构
ccommon.c	261	true	2020-07-24 22:55:47	退出系统
ccommon.c	261	true	2020-07-24 22:55:47	已经连接上服务器
ccommon.c	261	true	2020-07-24 22:55:47	接收学生管理结构
ccommon.c	261	true	2020-07-24 22:56:09	退出系统
ccommon.c	261	true	2020-07-24 22:56:11	已经连接上服务器
ccommon.c	261	true	2020-07-24 22:56:11	接收学生管理结构
ccommon.c	261	true	2020-07-24 22:56:34	退出系统
ccommon.c	261	true	2020-07-24 22:58:32	已经连接上服务器
ccommon.c	261	true	2020-07-24 22:58:32	接收学生管理结构
ccommon.c	261	true	2020-07-24 22:58:33	退出系统
ccommon.c	261	true	2020-07-24 22:58:34	已经连接上服务器
ccommon.c	261	true	2020-07-24 22:58:34	接收学生管理结构
ccommon.c	261	true	2020-07-24 22:58:35	退出系统
ccommon.c	261	true	2020-07-24 22:58:35	已经连接上服务器
ccommon.c	261	true	2020-07-24 22:58:35	接收学生管理结构
ccommon.c	261	true	2020-07-24 22:58:36	退出系统
ccommon.c	261	true	2020-07-24 22:58:37	已经连接上服务器
ccommon.c	261	true	2020-07-24 22:58:37	接收学生管理结构
ccommon.c	261	true	2020-07-24 22:58:37	退出系统
ccommon.c	261	true	2020-07-24 22:58:38	已经连接上服务器
ccommon.c	261	true	2020-07-24 22:58:38	接收学生管理结构
ccommon.c	261	true	2020-07-24 22:58:39	退出系统
ccommon.c	261	true	2020-07-24 22:58:39	已经连接上服务器
ccommon.c	261	true	2020-07-24 22:58:39	接收学生管理结构
ccommon.c	261	true	2020-07-24 22:58:40	退出系统
ccommon.c	261	true	2020-07-24 22:58:40	已经连接上服务器
ccommon.c	261	true	2020-07-24 22:58:40	接收学生管理结构
ccommon.c	261	true	2020-07-24 22:58:41	退出系统
ccommon.c	261	true	2020-07-24 22:58:43	已经连接上服务器
ccommon.c	261	true	2020-07-24 22:58:43	接收学生管理结构
ccommon.c	261	true	2020-07-24 22:58:44	退出系统
ccommon.c	261	true	2020-07-24 22:58:45	已经连接上服务器
ccommon.c	261	true	2020-07-24 22:58:45	接收学生管理结构
ccommon.c	261	true	2020-07-24 22:58:48	退出系统
ccommon.c	261	true	2020-07-24 23:18:36	已经连接上服务器
ccommon.c	261	true	2020-07-24 23:18:36	接收学生管理结构
ccommon.c	261	true	2020-07-24 23:18:51	成功上传数据
ccommon.c	261	true	2020-07-24 23:19:01	退出系统
ccommon.c	261	false	2020-07-24 23:20:41	连接失败
ccommon.c	261	true	2020-07-24 23:20:48	已经连接上服务器
ccommon.c	261	true	2020-07-24 23:20:48	接收学生管理结构
ccommon.c	261	true	2020-07-24 23:21:07	成功上传数据
ccommon.c	261	true	2020-07-24 23:21:31	成功上传数据
ccommon.c	261	true	2020-07-24 23:21:50	退出系统
ccommon.c	261	false	2020-07-24 23:26:40	连接失败
ccommon.c	261	true	2020-07-24 23:26:56	已经连接上服务器
ccommon.c	261	true	2020-07-24 23:26:56	接收学生管理结构
ccommon.c	261	true	2020-07-24 23:27:17	成功上传数据
ccommon.c	261	true	2020-07-24 23:31:07	退出系统
ccommon.c	261	true	2020-07-24 23:31:10	已经连接上服务器
ccommon.c	261	true	2020-07-24 23:31:10	接收学生管理结构
ccommon.c	261	true	2020-07-24 23:31:19	成功上传数据
ccommon.c	261	true	2020-07-24 23:32:13	退出系统
ccommon.c	261	false	2020-07-24 23:32:14	连接失败
ccommon.c	261	true	2020-07-24 23:32:22	已经连接上服务器
ccommon.c	261	true	2020-07-24 23:32:22	接收学生管理结构
ccommon.c	261	true	2020-07-24 23:32:28	成功上传数据
ccommon.c	261	true	2020-07-24 23:33:00	退出系统
ccommon.c	261	false	2020-07-24 23:33:01	连接失败
ccommon.c	261	true	2020-07-24 23:33:04	已经连接上服务器
ccommon.c	261	true	2020-07-24 23:33:04	接收学生管理结构
ccommon.c	261	true	2020-07-24 23:33:12	成功上传数据
ccommon.c	261	true	2020-07-24 23:33:50	已经连接上服务器
ccommon.c	261	true	2020-07-24 23:33:50	接收学生管理结构
ccommon.c	261	true	2020-07-24 23:34:01	成功上传数据
ccommon.c	261	true	2020-07-24 23:34:02	退出系统
ccommon.c	261	true	2020-07-24 23:34:21	已经连接上服务器
ccommon.c	261	true	2020-07-24 23:34:21	接收学生管理结构
ccommon.c	261	true	2020-07-24 23:34:26	成功上传数据
ccommon.c	261	true	2020-07-24 23:34:29	退出系统
ccommon.c	261	true	2020-07-24 23:36:06	已经连接上服务器
ccommon.c	261	true	2020-07-24 23:36:06	接收学生管理结构
ccommon.c	261	true	2020-07-24 23:36:13	成功上传数据
ccommon.c	261	true	2020-07-24 23:36:24	退出系统
ccommon.c	261	true	2020-07-24 23:36:24	已经连接上服务器
ccommon.c	261	true	2020-07-24 23:36:24	接收学生管理结构
ccommon.c	261	true	2020-07-24 23:36:39	成功上传数据
ccommon.c	261	true	2020-07-24 23:36:40	退出系统
ccommon.c	261	true	2020-07-25 12:41:26	已经连接上服务器
ccommon.c	261	true	2020-07-25 12:41:26	接收学生管理结构
ccommon.c	261	true	2020-07-25 12:42:53	已经连接上服务器
ccommon.c	261	true	2020-07-25 12:42:53	接收学生管理结构
ccommon.c	261	true	2020-07-25 12:43:06	退出系统
ccommon.c	261	true	2020-07-25 12:44:56	已经连接上服务器
ccommon.c	261	true	2020-07-25 12:44:56	接收学生管理结构
ccommon.c	261	true	2020-07-25 12:45:02	成功上传数据
ccommon.c	261	true	2020-07-25 12:45:03	退出系统
ccommon.c	261	true	2020-07-25 13:08:28	已经连接上服务器
ccommon.c	261	true	2020-07-25 13:08:28	接收学生管理结构
ccommon.c	261	true	2020-07-25 13:09:00	退出系统
ccommon.c	261	true	2020-07-25 13:09:03	已经连接上服务器
ccommon.c	261	true	2020-07-25 13:09:03	接收学生管理结构
ccommon.c	261	true	2020-07-25 13:09:17	退出系统
ccommon.c	261	true	2020-07-25 13:09:18	已经连接上服务器
ccommon.c	261	true	2020-07-25 13:09:18	接收学生管理结构
ccommon.c	261	false	2020-07-25 13:09:47	连接失败
ccommon.c	261	true	2020-07-25 13:11:10	已经连接上服务器
ccommon.c	261	true	2020-07-25 13:11:10	接收学生管理结构
ccommon.c	261	true	2020-07-25 13:12:03	成功上传数据
ccommon.c	261	true	2020-07-25 13:12:04	退出系统
ccommon.c	261	true	2020-07-25 13:15:28	已经连接上服务器
ccommon.c	261	true	2020-07-25 13:15:28	接收学生管理结构
ccommon.c	261	true	2020-07-25 13:18:05	已经连接上服务器
ccommon.c	261	true	2020-07-25 13:18:05	接收学生管理结构
ccommon.c	261	true	2020-07-25 13:18:11	成功上传数据
ccommon.c	261	true	2020-07-25 13:18:12	退出系统
ccommon.c	261	true	2020-07-25 13:18:17	已经连接上服务器
ccommon.c	261	true	2020-07-25 13:18:17	接收学生管理结构
ccommon.c	261	true	2020-07-25 13:19:45	已经连接上服务器
ccommon.c	261	true	2020-07-25 13:19:45	接收学生管理结构
ccommon.c	261	true	2020-07-25 13:20:00	已经连接上服务器
ccommon.c	261	true	2020-07-25 13:20:00	接收学生管理结构
ccommon.c	261	false	2020-07-25 13:20:05	连接失败
ccommon.c	261	false	2020-07-25 13:20:55	连接失败
ccommon.c	261	false	2020-07-25 13:21:05	连接失败
ccommon.c	261	true	2020-07-25 13:21:19	已经连接上服务器
ccommon.c	261	true	2020-07-25 13:21:19	接收学生管理结构
ccommon.c	261	true	2020-07-25 13:21:22	退出系统
ccommon.c	261	true	2020-07-25 13:21:24	已经连接上服务器
ccommon.c	261	true	2020-07-25 13:21:24	接收学生管理结构
ccommon.c	261	true	2020-07-25 13:21:25	退出系统
ccommon.c	261	true	2020-07-25 13:21:28	已经连接上服务器
ccommon.c	261	true	2020-07-25 13:21:28	接收学生管理结构
ccommon.c	261	false	2020-07-25 13:22:27	连接失败
ccommon.c	261	true	2020-07-25 13:22:43	已经连接上服务器
ccommon.c	261	true	2020-07-25 13:22:43	接收学生管理结构
ccommon.c	261	true	2020-07-25 13:26:12	已经连接上服务器
ccommon.c	261	true	2020-07-25 13:26:12	接收学生管理结构
ccommon.c	261	true	2020-07-25 13:26:14	退出系统
ccommon.c	261	true	2020-07-25 13:26:15	已经连接上服务器
ccommon.c	261	true	2020-07-25 13:26:15	接收学生管理结构
ccommon.c	261	true	2020-07-25 13:27:54	已经连接上服务器
ccommon.c	261	true	2020-07-25 13:27:54	接收学生管理结构
ccommon.c	261	true	2020-07-25 13:28:07	关闭套接字
ccommon.c	261	true	2020-07-25 13:30:28	已经连接上服务器
ccommon.c	261	true	2020-07-25 13:30:28	接收学生管理结构
ccommon.c	261	true	2020-07-25 13:30:37	关闭套接字
ccommon.c	261	true	2020-07-25 13:30:37	开始释放学生信息
ccommon.c	261	true	2020-07-25 13:32:22	已经连接上服务器
ccommon.c	261	true	2020-07-25 13:32:22	接收学生管理结构
ccommon.c	261	true	2020-07-25 13:32:31	成功上传数据
ccommon.c	261	true	2020-07-25 13:32:32	关闭套接字
ccommon.c	261	true	2020-07-25 13:32:36	已经连接上服务器
ccommon.c	261	true	2020-07-25 13:32:36	接收学生管理结构
ccommon.c	261	true	2020-07-25 13:32:39	关闭套接字
ccommon.c	261	true	2020-07-25 13:32:39	退出系统
ccommon.c	261	true	2020-07-25 13:32:41	已经连接上服务器
ccommon.c	261	true	2020-07-25 13:32:41	接收学生管理结构
ccommon.c	261	true	2020-07-25 13:32:42	关闭套接字
ccommon.c	261	true	2020-07-25 13:32:42	退出系统
ccommon.c	261	true	2020-07-25 13:32:44	已经连接上服务器
ccommon.c	261	true	2020-07-25 13:32:44	接收学生管理结构
ccommon.c	261	true	2020-07-25 13:32:50	关闭套接字
ccommon.c	261	true	2020-07-25 13:32:50	退出系统
ccommon.c	261	true	2020-07-25 13:34:05	已经连接上服务器
ccommon.c	261	true	2020-07-25 13:34:05	接收学生管理结构
ccommon.c	261	true	2020-07-25 13:34:07	关闭套接字
ccommon.c	261	true	2020-07-25 13:34:07	退出系统
ccommon.c	261	true	2020-07-25 13:34:09	已经连接上服务器
ccommon.c	261	true	2020-07-25 13:34:09	接收学生管理结构
ccommon.c	261	true	2020-07-25 13:34:11	关闭套接字
ccommon.c	261	true	2020-07-25 13:34:11	退出系统
ccommon.c	261	true	2020-07-25 13:34:12	已经连接上服务器
ccommon.c	261	true	2020-07-25 13:34:12	接收学生管理结构
ccommon.c	261	true	2020-07-25 13:34:18	关闭套接字
ccommon.c	261	true	2020-07-25 13:34:18	退出系统
ccommon.c	261	true	2020-07-25 13:34:20	已经连接上服务器
ccommon.c	261	true	2020-07-25 13:34:20	接收学生管理结构
ccommon.c	261	true	2020-07-25 13:34:25	成功上传数据
ccommon.c	261	true	2020-07-25 13:34:27	关闭套接字
ccommon.c	261	true	2020-07-25 13:34:27	退出系统
ccommon.c	261	true	2020-07-25 13:34:28	已经连接上服务器
ccommon.c	261	true	2020-07-25 13:34:28	接收学生管理结构
ccommon.c	261	true	2020-07-25 13:34:38	关闭套接字
ccommon.c	261	false	2020-07-25 13:45:47	连接失败
ccommon.c	261	true	2020-07-25 13:46:00	已经连接上服务器
ccommon.c	261	true	2020-07-25 13:46:00	接收学生管理结构
ccommon.c	261	true	2020-07-25 13:46:10	关闭套接字
ccommon.c	261	true	2020-07-25 13:47:52	已经连接上服务器
ccommon.c	261	true	2020-07-25 13:47:52	接收学生管理结构
ccommon.c	261	true	2020-07-25 13:48:02	关闭套接字
ccommon.c	261	true	2020-07-25 13:48:21	已经连接上服务器
ccommon.c	261	true	2020-07-25 13:48:21	接收学生管理结构
ccommon.c	261	true	2020-07-25 13:48:30	关闭套接字
ccommon.c	261	true	2020-07-25 13:48:30	成功释放学生信息
ccommon.c	261	true	2020-07-25 13:50:10	已经连接上服务器
ccommon.c	261	true	2020-07-25 13:50:10	接收学生管理结构
ccommon.c	261	true	2020-07-25 13:50:17	关闭套接字
ccommon.c	261	true	2020-07-25 13:51:11	已经连接上服务器
ccommon.c	261	true	2020-07-25 13:51:11	接收学生管理结构
ccommon.c	261	true	2020-07-25 13:51:18	关闭套接字
ccommon.c	261	true	2020-07-25 13:54:53	已经连接上服务器
ccommon.c	261	true	2020-07-25 13:54:53	接收学生管理结构
ccommon.c	261	true	2020-07-25 13:55:00	关闭套接字
ccommon.c	261	true	2020-07-25 13:55:25	已经连接上服务器
ccommon.c	261	true	2020-07-25 13:55:25	接收学生管理结构
ccommon.c	261	true	2020-07-25 13:55:31	关闭套接字
ccommon.c	261	true	2020-07-25 13:58:22	已经连接上服务器
ccommon.c	261	true	2020-07-25 13:58:22	接收学生管理结构
ccommon.c	261	true	2020-07-25 13:58:30	关闭套接字
ccommon.c	261	true	2020-07-25 13:58:30	退出系统
ccommon.c	261	true	2020-07-25 13:58:30	成功释放学生信息
ccommon.c	261	true	2020-07-25 14:00:15	已经连接上服务器
ccommon.c	261	true	2020-07-25 14:00:15	接收学生管理结构
ccommon.c	261	true	2020-07-25 14:00:21	关闭套接字
ccommon.c	261	true	2020-07-25 14:00:34	已经连接上服务器
ccommon.c	261	true	2020-07-25 14:00:34	接收学生管理结构
ccommon.c	261	true	2020-07-25 14:01:02	已经连接上服务器
ccommon.c	261	true	2020-07-25 14:01:14	已经连接上服务器
ccommon.c	261	false	2020-07-25 14:01:20	接收学生管理结构
ccommon.c	261	true	2020-07-25 14:01:20	接收学生管理结构
ccommon.c	261	true	2020-07-25 14:01:30	已经连接上服务器
ccommon.c	261	true	2020-07-25 14:01:30	接收学生管理结构
ccommon.c	261	true	2020-07-25 14:01:41	接收学生管理结构
ccommon.c	261	true	2020-07-25 14:01:51	已经连接上服务器
ccommon.c	261	false	2020-07-25 14:02:23	连接失败
ccommon.c	261	true	2020-07-25 14:02:55	已经连接上服务器
ccommon.c	261	true	2020-07-25 14:02:55	接收学生管理结构
ccommon.c	261	true	2020-07-25 14:03:06	关闭套接字
ccommon.c	261	true	2020-07-25 14:03:06	退出系统
ccommon.c	261	true	2020-07-25 14:03:06	成功释放学生信息
ccommon.c	261	true	2020-07-25 14:03:44	已经连接上服务器
ccommon.c	261	true	2020-07-25 14:03:44	接收学生管理结构
ccommon.c	261	true	2020-07-25 14:04:15	已经连接上服务器
ccommon.c	261	true	2020-07-25 14:04:41	已经连接上服务器
ccommon.c	261	true	2020-07-25 14:04:41	接收学生管理结构
ccommon.c	261	true	2020-07-25 14:04:52	成功上传数据
ccommon.c	261	true	2020-07-25 14:04:57	成功释放学生信息
ccommon.c	261	true	2020-07-25 14:04:58	已经连接上服务器
ccommon.c	261	true	2020-07-25 14:04:58	接收学生管理结构
ccommon.c	261	true	2020-07-25 14:05:18	关闭套接字
ccommon.c	261	true	2020-07-25 14:05:18	退出系统
ccommon.c	261	true	2020-07-25 14:05:18	成功释放学生信息
ccommon.c	261	true	2020-07-25 14:12:37	已经连接上服务器
ccommon.c	261	true	2020-07-25 14:12:37	接收学生管理结构
ccommon.c	261	true	2020-07-25 14:12:49	关闭套接字
ccommon.c	261	true	2020-07-25 14:18:21	已经连接上服务器
ccommon.c	261	true	2020-07-25 14:18:21	接收学生管理结构
ccommon.c	261	true	2020-07-25 14:18:32	关闭套接字
ccommon.c	261	true	2020-07-25 14:18:32	退出系统
ccommon.c	261	true	2020-07-25 14:18:32	成功释放学生信息
ccommon.c	261	true	2020-07-25 14:18:38	已经连接上服务器
ccommon.c	261	true	2020-07-25 14:18:38	接收学生管理结构
ccommon.c	261	true	2020-07-25 14:18:50	关闭套接字
ccommon.c	261	true	2020-07-25 14:18:50	退出系统
ccommon.c	261	true	2020-07-25 14:18:50	成功释放学生信息
ccommon.c	261	true	2020-07-25 14:18:55	已经连接上服务器
ccommon.c	261	true	2020-07-25 14:18:55	接收学生管理结构
ccommon.c	261	true	2020-07-25 14:19:32	已经连接上服务器
ccommon.c	261	true	2020-07-25 14:19:42	已经连接上服务器
ccommon.c	261	false	2020-07-25 14:19:53	接收学生管理结构
ccommon.c	261	true	2020-07-25 14:19:53	接收学生管理结构
ccommon.c	261	true	2020-07-25 14:20:05	已经连接上服务器
ccommon.c	261	true	2020-07-25 14:20:05	接收学生管理结构
ccommon.c	261	true	2020-07-25 14:20:07	关闭套接字
ccommon.c	261	true	2020-07-25 14:20:07	退出系统
ccommon.c	261	true	2020-07-25 14:20:07	成功释放学生信息
ccommon.c	261	true	2020-07-25 14:20:08	已经连接上服务器
ccommon.c	261	true	2020-07-25 14:20:08	接收学生管理结构
ccommon.c	261	true	2020-07-25 14:20:33	关闭套接字
ccommon.c	261	true	2020-07-25 14:20:33	退出系统
ccommon.c	261	true	2020-07-25 14:20:33	成功释放学生信息
ccommon.c	261	false	2020-07-25 14:20:34	连接失败
ccommon.c	261	true	2020-07-25 14:21:01	已经连接上服务器
ccommon.c	261	true	2020-07-25 14:21:01	接收学生管理结构
ccommon.c	261	true	2020-07-25 14:21:15	关闭套接字
ccommon.c	261	true	2020-07-25 14:21:15	退出系统
ccommon.c	261	true	2020-07-25 14:21:15	成功释放学生信息
ccommon.c	261	true	2020-07-25 14:21:19	已经连接上服务器
ccommon.c	261	true	2020-07-25 14:21:19	接收学生管理结构
ccommon.c	261	true	2020-07-25 14:21:34	关闭套接字
ccommon.c	261	true	2020-07-25 14:21:34	退出系统
ccommon.c	261	true	2020-07-25 14:21:34	成功释放学生信息
ccommon.c	261	true	2020-07-25 14:21:36	已经连接上服务器
ccommon.c	261	true	2020-07-25 14:21:36	接收学生管理结构
ccommon.c	261	true	2020-07-25 14:21:47	关闭套接字
ccommon.c	261	true	2020-07-25 14:21:47	退出系统
ccommon.c	261	true	2020-07-25 14:21:47	成功释放学生信息
ccommon.c	261	true	2020-07-25 14:21:49	已经连接上服务器
ccommon.c	261	true	2020-07-25 14:21:49	接收学生管理结构
ccommon.c	261	true	2020-07-25 14:22:06	关闭套接字
ccommon.c	261	true	2020-07-25 14:22:06	退出系统
ccommon.c	261	true	2020-07-25 14:22:06	成功释放学生信息
ccommon.c	261	true	2020-07-25 14:22:08	已经连接上服务器
ccommon.c	261	true	2020-07-25 14:22:08	接收学生管理结构
ccommon.c	261	true	2020-07-25 14:22:09	关闭套接字
ccommon.c	261	true	2020-07-25 14:22:09	退出系统
ccommon.c	261	true	2020-07-25 14:22:09	成功释放学生信息
ccommon.c	261	true	2020-07-25 14:23:59	已经连接上服务器
ccommon.c	261	true	2020-07-25 14:23:59	接收学生管理结构
ccommon.c	261	true	2020-07-25 14:24:23	已经连接上服务器
ccommon.c	261	true	2020-07-25 14:24:43	已经连接上服务器
ccommon.c	261	true	2020-07-25 14:24:43	接收学生管理结构
ccommon.c	261	true	2020-07-25 14:24:45	关闭套接字
ccommon.c	261	true	2020-07-25 14:24:45	退出系统
ccommon.c	261	true	2020-07-25 14:24:45	成功释放学生信息
ccommon.c	261	true	2020-07-25 14:34:51	已经连接上服务器
ccommon.c	261	true	2020-07-25 14:34:51	接收学生管理结构
ccommon.c	261	true	2020-07-25 14:35:14	关闭套接字
ccommon.c	261	true	2020-07-25 14:35:14	退出系统
ccommon.c	261	true	2020-07-25 14:35:14	成功释放学生信息
ccommon.c	261	true	2020-07-25 14:35:35	已经连接上服务器
ccommon.c	261	true	2020-07-25 14:35:35	接收学生管理结构
ccommon.c	261	true	2020-07-25 14:35:48	关闭套接字
ccommon.c	261	true	2020-07-25 14:35:48	退出系统
ccommon.c	261	true	2020-07-25 14:35:48	成功释放学生信息
ccommon.c	261	true	2020-07-25 14:36:35	已经连接上服务器
ccommon.c	261	true	2020-07-25 14:36:35	接收学生管理结构
ccommon.c	261	true	2020-07-25 14:39:25	已经连接上服务器
ccommon.c	261	true	2020-07-25 14:39:25	接收学生管理结构
ccommon.c	261	true	2020-07-25 14:39:39	关闭套接字
ccommon.c	261	true	2020-07-25 14:39:39	退出系统
ccommon.c	261	true	2020-07-25 14:39:39	成功释放学生信息
ccommon.c	261	true	2020-07-25 14:42:25	已经连接上服务器
ccommon.c	261	true	2020-07-25 14:42:25	接收学生管理结构
ccommon.c	261	true	2020-07-25 14:42:42	关闭套接字
ccommon.c	261	true	2020-07-25 14:42:42	退出系统
ccommon.c	261	true	2020-07-25 14:42:42	成功释放学生信息
ccommon.c	261	true	2020-07-25 14:43:13	已经连接上服务器
ccommon.c	261	true	2020-07-25 14:43:13	接收学生管理结构
ccommon.c	261	true	2020-07-25 14:44:03	成功上传数据
ccommon.c	261	true	2020-07-25 14:48:29	关闭套接字
ccommon.c	261	true	2020-07-25 14:51:12	已经连接上服务器
ccommon.c	261	true	2020-07-25 14:51:12	接收学生管理结构
ccommon.c	261	true	2020-07-25 14:51:32	关闭套接字
ccommon.c	261	true	2020-07-25 14:51:32	退出系统
ccommon.c	261	true	2020-07-25 14:51:32	成功释放学生信息
ccommon.c	261	true	2020-07-25 14:53:43	已经连接上服务器
ccommon.c	261	true	2020-07-25 14:53:43	接收学生管理结构
ccommon.c	261	true	2020-07-25 14:55:04	成功上传数据
ccommon.c	261	true	2020-07-25 14:55:06	关闭套接字
ccommon.c	261	true	2020-07-25 15:02:13	已经连接上服务器
ccommon.c	261	true	2020-07-25 15:02:13	接收学生管理结构
ccommon.c	261	true	2020-07-25 15:02:27	关闭套接字
ccommon.c	261	true	2020-07-25 15:02:27	退出系统
ccommon.c	261	true	2020-07-25 15:02:27	成功释放学生信息
ccommon.c	261	true	2020-07-25 15:02:29	已经连接上服务器
ccommon.c	261	true	2020-07-25 15:02:29	接收学生管理结构
ccommon.c	261	true	2020-07-25 15:04:08	关闭套接字
ccommon.c	261	true	2020-07-25 15:04:08	退出系统
ccommon.c	261	true	2020-07-25 15:04:08	成功释放学生信息
ccommon.c	261	true	2020-07-25 15:07:41	已经连接上服务器
ccommon.c	261	true	2020-07-25 15:07:41	接收学生管理结构
ccommon.c	261	true	2020-07-25 15:08:13	关闭套接字
ccommon.c	261	true	2020-07-25 15:08:13	释放学生节点完毕
ccommon.c	261	true	2020-07-25 15:08:13	释放课程名完毕
ccommon.c	261	true	2020-07-25 15:08:13	释放课程名二维指针完毕
ccommon.c	261	true	2020-07-25 15:08:13	退出系统
ccommon.c	261	true	2020-07-25 15:08:13	成功释放学生信息
ccommon.c	261	true	2020-07-25 15:08:15	已经连接上服务器
ccommon.c	261	true	2020-07-25 15:08:15	接收学生管理结构
ccommon.c	261	true	2020-07-25 15:08:52	成功上传数据
ccommon.c	261	true	2020-07-25 15:09:03	关闭套接字
ccommon.c	261	true	2020-07-25 15:09:03	释放学生节点完毕
ccommon.c	261	true	2020-07-25 15:09:03	释放课程名完毕
ccommon.c	261	true	2020-07-25 15:09:03	释放课程名二维指针完毕
ccommon.c	261	true	2020-07-25 15:09:03	退出系统
ccommon.c	261	true	2020-07-25 15:09:03	成功释放学生信息
