server.c	371	正常	2020-07-21-14-40-51	用户已连接
server.c	371	正常	2020-07-21-14-40-51	发送数据至客户端完成
server.c	371	正常	2020-07-21-14-40-51	退出系统
server.c	371	正常	2020-07-21-14-40-51	用户已经断开
server.c	445	正常	2020-07-21-15-04-25	用户已连接
server.c	445	正常	2020-07-21-15-04-25	发送数据至客户端完成
server.c	445	正常	2020-07-21-15-04-25	退出系统
server.c	445	正常	2020-07-21-15-04-45	退出系统
server.c	445	正常	2020-07-21-21-55-29	用户已连接
server.c	445	正常	2020-07-21-21-55-29	发送数据至客户端完成
server.c	445	正常	2020-07-21-21-55-29	退出系统
server.c	445	正常	2020-07-21-21-55-34	用户已经断开
server.c	445	正常	2020-07-21-21-55-45	用户已连接
server.c	445	正常	2020-07-21-21-55-45	发送数据至客户端完成
server.c	445	正常	2020-07-21-21-55-45	退出系统
server.c	445	正常	2020-07-21-21-56-06	退出系统
server.c	469	正常	2020-07-21-22-06-38	用户已连接
server.c	469	正常	2020-07-21-22-06-38	发送数据至客户端完成
server.c	469	正常	2020-07-21-22-06-38	退出系统
server.c	469	正常	2020-07-21-22-06-57	退出系统
server.c	469	正常	2020-07-21-22-07-31	用户已连接
server.c	469	正常	2020-07-21-22-07-31	发送数据至客户端完成
server.c	469	正常	2020-07-21-22-07-31	退出系统
server.c	469	正常	2020-07-21-22-08-10	退出系统
server.c	469	正常	2020-07-21-22-09-34	用户已连接
server.c	469	正常	2020-07-21-22-09-34	发送数据至客户端完成
server.c	469	正常	2020-07-21-22-09-34	退出系统
server.c	469	正常	2020-07-21-22-09-55	用户已经断开
server.c	470	正常	2020-07-21-22-13-27	用户已连接
server.c	470	正常	2020-07-21-22-13-27	发送数据至客户端完成
server.c	470	正常	2020-07-21-22-13-27	退出系统
server.c	470	正常	2020-07-21-22-14-04	退出系统
server.c	470	正常	2020-07-21-22-20-01	用户已连接
server.c	470	正常	2020-07-21-22-20-01	发送数据至客户端完成
server.c	470	正常	2020-07-21-22-20-01	退出系统
server.c	470	正常	2020-07-21-22-20-28	退出系统
server.c	470	正常	2020-07-21-22-25-00	用户已连接
server.c	470	正常	2020-07-21-22-25-00	发送数据至客户端完成
server.c	470	正常	2020-07-21-22-25-00	退出系统
server.c	470	正常	2020-07-21-22-25-16	退出系统
server.c	470	正常	2020-07-21-22-25-33	用户已经断开
server.c	470	正常	2020-07-22-09-40-38	用户已连接
server.c	470	正常	2020-07-22-09-40-38	发送数据至客户端完成
server.c	470	正常	2020-07-22-09-40-38	退出系统
server.c	470	正常	2020-07-22-09-40-59	退出系统
server.c	470	正常	2020-07-22-09-41-01	用户已经断开
server.c	470	正常	2020-07-22-09-41-10	用户已连接
server.c	470	正常	2020-07-22-09-41-10	发送数据至客户端完成
server.c	470	正常	2020-07-22-09-41-10	退出系统
server.c	470	正常	2020-07-22-09-41-21	用户已经断开
server.c	470	正常	2020-07-22-17-39-21	用户已连接
server.c	470	正常	2020-07-22-17-39-21	发送数据至客户端完成
server.c	470	正常	2020-07-22-17-39-21	退出系统
server.c	470	正常	2020-07-22-17-39-25	用户已经断开
server.c	433	正常	2020-07-22-17-48-35	用户已连接
server.c	433	正常	2020-07-22-17-48-35	发送数据至客户端完成
server.c	433	正常	2020-07-22-17-48-35	退出系统
server.c	433	正常	2020-07-22-17-54-17	用户已连接
server.c	433	正常	2020-07-22-17-54-17	发送数据至客户端完成
server.c	433	正常	2020-07-22-17-54-17	退出系统
server.c	433	正常	2020-07-22-17-54-21	用户已经断开
common.c	328	正常	2020-07-22-18-26-42	用户已连接
common.c	328	正常	2020-07-22-18-26-42	发送数据至客户端完成
common.c	328	正常	2020-07-22-18-26-42	退出系统
common.c	328	正常	2020-07-22-18-26-42	用户已经断开
common.c	328	正常	2020-07-22-18-26-43	用户已连接
common.c	328	正常	2020-07-22-18-27-17	用户已连接
common.c	328	正常	2020-07-22-18-27-56	用户已连接
common.c	328	正常	2020-07-22-18-28-28	用户已连接
common.c	328	正常	2020-07-22-18-31-36	用户已连接
common.c	328	正常	2020-07-22-18-34-46	用户已连接
server.c	433	正常	2020-07-22-18-36-00	用户已连接
server.c	433	正常	2020-07-22-18-36-56	用户已连接
server.c	433	正常	2020-07-22-18-37-47	用户已连接
common.c	328	正常	2020-07-22-18-43-19	用户已连接
common.c	328	正常	2020-07-22-18-43-19	发送数据至客户端完成
common.c	328	正常	2020-07-22-18-43-19	退出系统
common.c	328	正常	2020-07-22-18-43-21	用户已经断开
common.c	328	正常	2020-07-22-18-46-13	用户已连接
common.c	328	正常	2020-07-22-18-46-13	发送数据至客户端完成
common.c	328	正常	2020-07-22-18-46-13	退出系统
common.c	328	正常	2020-07-22-18-46-16	用户已经断开
common.c	328	正常	2020-07-22-19-03-14	用户已连接
common.c	328	错误	2020-07-22-19-03-14	发送学生管理结构体
common.c	328	错误	2020-07-22-19-03-14	发送课程名
common.c	328	错误	2020-07-22-19-03-14	发送学生节点
common.c	328	错误	2020-07-22-19-03-14	发送学生节点
common.c	328	错误	2020-07-22-19-03-14	发送学生节点
common.c	328	正常	2020-07-22-19-03-14	发送数据至客户端完成
common.c	328	正常	2020-07-22-19-03-14	退出系统
common.c	328	正常	2020-07-22-19-03-14	用户已经断开
common.c	328	正常	2020-07-22-19-03-53	用户已连接
common.c	328	错误	2020-07-22-19-03-53	发送学生管理结构体
common.c	328	错误	2020-07-22-19-03-53	发送课程名
common.c	328	错误	2020-07-22-19-03-53	发送学生节点
common.c	328	错误	2020-07-22-19-03-53	发送学生节点
common.c	328	错误	2020-07-22-19-03-53	发送学生节点
common.c	328	正常	2020-07-22-19-03-53	发送数据至客户端完成
common.c	328	正常	2020-07-22-19-03-53	退出系统
common.c	328	正常	2020-07-22-19-05-16	用户已连接
common.c	328	正常	2020-07-22-19-05-16	发送数据至客户端完成
common.c	328	正常	2020-07-22-19-05-16	退出系统
common.c	328	正常	2020-07-22-19-05-19	用户已经断开
common.c	328	正常	2020-07-22-19-06-08	用户已连接
common.c	328	错误	2020-07-22-19-06-08	发送学生管理结构体
common.c	328	错误	2020-07-22-19-06-08	发送课程名
common.c	328	错误	2020-07-22-19-06-08	发送学生节点
common.c	328	错误	2020-07-22-19-06-08	发送学生节点
common.c	328	错误	2020-07-22-19-06-08	发送学生节点
common.c	328	正常	2020-07-22-19-06-08	发送数据至客户端完成
common.c	328	正常	2020-07-22-19-06-08	退出系统
common.c	328	正常	2020-07-22-19-06-08	用户已经断开
common.c	328	正常	2020-07-22-19-07-00	用户已连接
common.c	328	正常	2020-07-22-19-07-00	发送数据至客户端完成
common.c	328	正常	2020-07-22-19-07-00	退出系统
common.c	328	正常	2020-07-22-19-07-03	用户已经断开
common.c	328	正常	2020-07-22-19-08-29	用户已连接
common.c	328	正常	2020-07-22-19-08-29	发送数据至客户端完成
common.c	328	正常	2020-07-22-19-08-29	退出系统
common.c	328	正常	2020-07-22-19-08-30	用户已经断开
common.c	330	正常	2020-07-22-19-11-15	用户已连接
common.c	330	正常	2020-07-22-19-11-15	发送数据至客户端完成
common.c	330	正常	2020-07-22-19-11-15	退出系统
common.c	330	正常	2020-07-22-19-11-19	用户已经断开
common.c	330	正常	2020-07-22-19-11-19	用户已连接
common.c	330	正常	2020-07-22-19-11-19	发送数据至客户端完成
common.c	330	正常	2020-07-22-19-11-19	退出系统
common.c	330	正常	2020-07-22-19-11-21	用户已经断开
common.c	330	正常	2020-07-22-19-11-22	用户已连接
common.c	330	正常	2020-07-22-19-11-22	发送数据至客户端完成
common.c	330	正常	2020-07-22-19-11-22	退出系统
common.c	330	正常	2020-07-22-19-11-23	用户已经断开
common.c	329	正常	2020-07-23-16-23-09	用户已连接
common.c	329	正常	2020-07-23-16-23-09	发送数据至客户端完成
common.c	329	正常	2020-07-23-16-23-09	退出系统
common.c	329	正常	2020-07-23-16-23-14	用户已经断开
common.c	329	正常	2020-07-23-16-23-17	用户已连接
common.c	329	正常	2020-07-23-16-23-17	发送数据至客户端完成
common.c	329	正常	2020-07-23-16-23-17	退出系统
common.c	329	正常	2020-07-23-16-23-34	用户已经断开
common.c	329	正常	2020-07-23-16-25-42	用户已连接
common.c	329	正常	2020-07-23-16-25-42	发送数据至客户端完成
common.c	329	正常	2020-07-23-16-25-42	退出系统
common.c	329	正常	2020-07-23-16-25-55	用户已连接
common.c	329	正常	2020-07-23-16-25-55	发送数据至客户端完成
common.c	329	正常	2020-07-23-16-25-55	退出系统
common.c	329	正常	2020-07-23-16-26-05	用户已经断开
common.c	329	正常	2020-07-23-16-26-11	用户已连接
common.c	329	正常	2020-07-23-16-26-11	发送数据至客户端完成
common.c	329	正常	2020-07-23-16-26-11	退出系统
common.c	329	正常	2020-07-23-16-26-29	成功写入学生数据
common.c	329	正常	2020-07-23-16-26-29	退出系统
common.c	329	正常	2020-07-23-16-26-30	用户已经断开
common.c	329	正常	2020-07-23-16-45-08	用户已连接
common.c	329	正常	2020-07-23-16-45-08	发送数据至客户端完成
common.c	329	正常	2020-07-23-16-45-08	退出系统
common.c	329	正常	2020-07-23-16-45-15	用户已经断开
common.c	329	正常	2020-07-23 16:46:17	用户已连接
common.c	329	正常	2020-07-23 16:46:17	发送数据至客户端完成
common.c	329	正常	2020-07-23 16:46:17	退出系统
common.c	329	正常	2020-07-23 16:46:30	成功写入学生数据
common.c	329	正常	2020-07-23 16:46:30	退出系统
common.c	329	正常	2020-07-23 16:46:56	用户已经断开
common.c	329	正常	2020-07-23 16:47:06	用户已连接
common.c	329	正常	2020-07-23 16:47:06	发送数据至客户端完成
common.c	329	正常	2020-07-23 16:47:06	退出系统
common.c	329	正常	2020-07-23 16:47:09	用户已经断开
common.c	329	正常	2020-07-23 16:47:12	用户已连接
common.c	329	正常	2020-07-23 16:47:12	发送数据至客户端完成
common.c	329	正常	2020-07-23 16:47:12	退出系统
common.c	329	正常	2020-07-23 16:47:15	用户已经断开
common.c	329	正常	2020-07-23 16:48:57	用户已连接
common.c	329	正常	2020-07-23 16:48:57	发送数据至客户端完成
common.c	329	正常	2020-07-23 16:48:57	退出系统
common.c	329	正常	2020-07-23 16:49:01	用户已经断开
common.c	329	正常	2020-07-23 16:51:50	用户已连接
common.c	329	正常	2020-07-23 16:51:50	发送数据至客户端完成
common.c	329	正常	2020-07-23 16:51:50	退出系统
common.c	329	正常	2020-07-23 16:51:54	用户已经断开
common.c	329	正常	2020-07-23 16:52:11	用户已连接
common.c	329	正常	2020-07-23 16:52:11	发送数据至客户端完成
common.c	329	正常	2020-07-23 16:52:11	退出系统
common.c	329	正常	2020-07-23 16:52:15	用户已经断开
common.c	329	正常	2020-07-23 16:52:16	用户已连接
common.c	329	正常	2020-07-23 16:52:16	发送数据至客户端完成
common.c	329	正常	2020-07-23 16:52:16	退出系统
common.c	329	正常	2020-07-23 16:52:18	用户已经断开
common.c	329	正常	2020-07-23 16:53:14	用户已连接
common.c	329	正常	2020-07-23 16:53:14	发送数据至客户端完成
common.c	329	正常	2020-07-23 16:53:14	退出系统
common.c	329	正常	2020-07-23 16:53:20	用户已经断开
common.c	329	正常	2020-07-23 16:54:37	用户已连接
common.c	329	正常	2020-07-23 16:54:37	发送数据至客户端完成
common.c	329	正常	2020-07-23 16:54:37	退出系统
common.c	329	正常	2020-07-23 16:54:46	用户已经断开
common.c	329	正常	2020-07-23 16:56:19	用户已连接
common.c	329	正常	2020-07-23 16:56:19	发送数据至客户端完成
common.c	329	正常	2020-07-23 16:56:19	退出系统
common.c	329	正常	2020-07-23 16:56:26	用户已经断开
common.c	329	正常	2020-07-23 16:57:03	用户已连接
common.c	329	正常	2020-07-23 16:57:03	发送数据至客户端完成
common.c	329	正常	2020-07-23 16:57:03	退出系统
common.c	329	正常	2020-07-23 16:57:08	用户已经断开
common.c	329	正常	2020-07-23 16:57:51	用户已连接
common.c	329	正常	2020-07-23 16:57:51	发送数据至客户端完成
common.c	329	正常	2020-07-23 16:57:51	退出系统
common.c	329	正常	2020-07-23 16:58:01	用户已经断开
common.c	329	正常	2020-07-23 16:58:02	用户已连接
common.c	329	正常	2020-07-23 16:58:02	发送数据至客户端完成
common.c	329	正常	2020-07-23 16:58:02	退出系统
common.c	329	正常	2020-07-23 16:58:09	用户已经断开
common.c	329	正常	2020-07-23 16:58:11	用户已连接
common.c	329	正常	2020-07-23 16:58:11	发送数据至客户端完成
common.c	329	正常	2020-07-23 16:58:11	退出系统
common.c	329	正常	2020-07-23 16:58:14	用户已经断开
common.c	329	正常	2020-07-23 16:58:15	用户已连接
common.c	329	正常	2020-07-23 16:58:15	发送数据至客户端完成
common.c	329	正常	2020-07-23 16:58:15	退出系统
common.c	329	正常	2020-07-23 16:58:17	用户已经断开
common.c	329	正常	2020-07-23 16:58:21	用户已连接
common.c	329	正常	2020-07-23 16:58:21	发送数据至客户端完成
common.c	329	正常	2020-07-23 16:58:21	退出系统
common.c	329	正常	2020-07-23 16:58:24	用户已经断开
common.c	329	正常	2020-07-23 16:59:12	用户已连接
common.c	329	正常	2020-07-23 16:59:12	发送数据至客户端完成
common.c	329	正常	2020-07-23 16:59:12	退出系统
common.c	329	正常	2020-07-23 16:59:20	用户已经断开
common.c	329	正常	2020-07-23 16:59:42	用户已连接
common.c	329	正常	2020-07-23 16:59:42	发送数据至客户端完成
common.c	329	正常	2020-07-23 16:59:42	退出系统
common.c	329	正常	2020-07-23 17:00:01	用户已经断开
common.c	329	正常	2020-07-23 17:01:11	用户已连接
common.c	329	正常	2020-07-23 17:01:11	发送数据至客户端完成
common.c	329	正常	2020-07-23 17:01:11	退出系统
common.c	329	正常	2020-07-23 17:01:16	用户已经断开
common.c	329	正常	2020-07-23 17:01:30	用户已连接
common.c	329	正常	2020-07-23 17:01:30	发送数据至客户端完成
common.c	329	正常	2020-07-23 17:01:30	退出系统
common.c	329	正常	2020-07-23 17:01:37	用户已经断开
common.c	329	正常	2020-07-23 17:03:04	用户已连接
common.c	329	正常	2020-07-23 17:03:04	发送数据至客户端完成
common.c	329	正常	2020-07-23 17:03:04	退出系统
common.c	329	正常	2020-07-23 17:03:09	用户已经断开
common.c	329	正常	2020-07-23 17:03:30	用户已连接
common.c	329	正常	2020-07-23 17:03:30	发送数据至客户端完成
common.c	329	正常	2020-07-23 17:03:30	退出系统
common.c	329	正常	2020-07-23 17:04:02	用户已经断开
common.c	329	正常	2020-07-23 17:09:25	用户已连接
common.c	329	正常	2020-07-23 17:09:25	发送数据至客户端完成
common.c	329	正常	2020-07-23 17:09:25	退出系统
common.c	329	正常	2020-07-23 17:09:30	用户已经断开
common.c	329	正常	2020-07-23 17:09:44	用户已连接
common.c	329	正常	2020-07-23 17:09:44	发送数据至客户端完成
common.c	329	正常	2020-07-23 17:09:44	退出系统
common.c	329	正常	2020-07-23 17:09:46	用户已经断开
common.c	329	正常	2020-07-23 17:09:53	用户已连接
common.c	329	正常	2020-07-23 17:09:53	发送数据至客户端完成
common.c	329	正常	2020-07-23 17:09:53	退出系统
common.c	329	正常	2020-07-23 17:09:54	用户已经断开
common.c	329	正常	2020-07-23 17:10:01	用户已连接
common.c	329	正常	2020-07-23 17:10:01	发送数据至客户端完成
common.c	329	正常	2020-07-23 17:10:01	退出系统
common.c	329	正常	2020-07-23 17:10:12	用户已经断开
common.c	329	正常	2020-07-23 17:10:30	用户已连接
common.c	329	正常	2020-07-23 17:10:30	发送数据至客户端完成
common.c	329	正常	2020-07-23 17:10:30	退出系统
common.c	329	正常	2020-07-23 17:10:33	用户已经断开
common.c	329	正常	2020-07-23 17:11:44	用户已连接
common.c	329	正常	2020-07-23 17:11:44	发送数据至客户端完成
common.c	329	正常	2020-07-23 17:11:44	退出系统
common.c	329	正常	2020-07-23 17:12:00	用户已经断开
common.c	329	正常	2020-07-23 17:12:22	用户已连接
common.c	329	正常	2020-07-23 17:12:22	发送数据至客户端完成
common.c	329	正常	2020-07-23 17:12:22	退出系统
common.c	329	正常	2020-07-23 17:12:33	用户已经断开
common.c	329	正常	2020-07-23 17:21:53	用户已连接
common.c	329	正常	2020-07-23 17:21:53	发送数据至客户端完成
common.c	329	正常	2020-07-23 17:21:53	退出系统
common.c	329	正常	2020-07-23 17:21:57	用户已经断开
common.c	329	正常	2020-07-23 17:28:39	用户已连接
common.c	329	正常	2020-07-23 17:28:39	发送数据至客户端完成
common.c	329	正常	2020-07-23 17:28:39	退出系统
common.c	329	正常	2020-07-23 17:28:56	用户已经断开
common.c	329	正常	2020-07-23 17:30:11	用户已连接
common.c	329	正常	2020-07-23 17:30:11	发送数据至客户端完成
common.c	329	正常	2020-07-23 17:30:11	退出系统
common.c	329	正常	2020-07-23 17:30:14	用户已经断开
common.c	329	正常	2020-07-23 17:30:15	用户已连接
common.c	329	正常	2020-07-23 17:30:15	发送数据至客户端完成
common.c	329	正常	2020-07-23 17:30:15	退出系统
common.c	329	正常	2020-07-23 17:30:30	用户已经断开
common.c	329	正常	2020-07-23 17:30:54	用户已连接
common.c	329	正常	2020-07-23 17:30:54	发送数据至客户端完成
common.c	329	正常	2020-07-23 17:30:54	退出系统
common.c	329	正常	2020-07-23 17:30:58	用户已经断开
common.c	329	正常	2020-07-23 17:31:31	用户已连接
common.c	329	正常	2020-07-23 17:31:31	发送数据至客户端完成
common.c	329	正常	2020-07-23 17:31:31	退出系统
common.c	329	正常	2020-07-23 17:31:47	用户已经断开
common.c	329	正常	2020-07-23 17:33:09	用户已连接
common.c	329	正常	2020-07-23 17:33:09	发送数据至客户端完成
common.c	329	正常	2020-07-23 17:33:09	退出系统
common.c	329	正常	2020-07-23 17:33:10	用户已经断开
common.c	329	正常	2020-07-23 17:33:11	用户已连接
common.c	329	正常	2020-07-23 17:33:11	发送数据至客户端完成
common.c	329	正常	2020-07-23 17:33:11	退出系统
common.c	329	正常	2020-07-23 17:33:17	用户已经断开
common.c	329	正常	2020-07-23 17:34:18	用户已连接
common.c	329	正常	2020-07-23 17:34:18	发送数据至客户端完成
common.c	329	正常	2020-07-23 17:34:18	退出系统
common.c	329	正常	2020-07-23 17:34:40	用户已经断开
common.c	329	正常	2020-07-23 17:35:23	用户已连接
common.c	329	正常	2020-07-23 17:35:23	发送数据至客户端完成
common.c	329	正常	2020-07-23 17:35:23	退出系统
common.c	329	正常	2020-07-23 17:35:25	用户已经断开
common.c	329	正常	2020-07-23 17:35:44	用户已连接
common.c	329	正常	2020-07-23 17:35:44	发送数据至客户端完成
common.c	329	正常	2020-07-23 17:35:44	退出系统
common.c	329	正常	2020-07-23 17:35:45	用户已经断开
common.c	329	正常	2020-07-23 17:35:46	用户已连接
common.c	329	正常	2020-07-23 17:35:46	发送数据至客户端完成
common.c	329	正常	2020-07-23 17:35:46	退出系统
common.c	329	正常	2020-07-23 17:35:48	用户已经断开
common.c	329	正常	2020-07-23 17:35:57	用户已连接
common.c	329	正常	2020-07-23 17:35:57	发送数据至客户端完成
common.c	329	正常	2020-07-23 17:35:57	退出系统
common.c	329	正常	2020-07-23 17:36:00	用户已经断开
common.c	329	正常	2020-07-23 18:25:16	用户已连接
common.c	329	正常	2020-07-23 18:25:16	发送数据至客户端完成
common.c	329	正常	2020-07-23 18:25:16	退出系统
common.c	329	正常	2020-07-23 18:26:22	用户已经断开
common.c	329	正常	2020-07-23 18:26:24	用户已连接
common.c	329	正常	2020-07-23 18:26:24	发送数据至客户端完成
common.c	329	正常	2020-07-23 18:26:24	退出系统
common.c	329	正常	2020-07-23 18:26:28	用户已经断开
common.c	329	正常	2020-07-23 18:26:29	用户已连接
common.c	329	正常	2020-07-23 18:26:29	发送数据至客户端完成
common.c	329	正常	2020-07-23 18:26:29	退出系统
common.c	329	正常	2020-07-23 18:27:03	用户已经断开
common.c	329	正常	2020-07-23 18:32:31	用户已连接
common.c	329	正常	2020-07-23 18:32:31	发送数据至客户端完成
common.c	329	正常	2020-07-23 18:32:31	退出系统
common.c	329	正常	2020-07-23 18:32:44	用户已经断开
common.c	329	正常	2020-07-23 18:32:45	用户已连接
common.c	329	正常	2020-07-23 18:32:45	发送数据至客户端完成
common.c	329	正常	2020-07-23 18:32:45	退出系统
common.c	329	正常	2020-07-23 18:32:45	用户已经断开
common.c	329	正常	2020-07-23 18:32:48	用户已连接
common.c	329	正常	2020-07-23 18:32:48	发送数据至客户端完成
common.c	329	正常	2020-07-23 18:32:48	退出系统
common.c	329	正常	2020-07-23 18:32:49	用户已经断开
common.c	329	正常	2020-07-23 18:35:25	用户已连接
common.c	329	正常	2020-07-23 18:35:25	发送数据至客户端完成
common.c	329	正常	2020-07-23 18:35:25	退出系统
common.c	329	正常	2020-07-23 18:35:29	用户已经断开
common.c	329	正常	2020-07-23 18:35:30	用户已连接
common.c	329	正常	2020-07-23 18:35:30	发送数据至客户端完成
common.c	329	正常	2020-07-23 18:35:30	退出系统
common.c	329	正常	2020-07-23 18:35:32	用户已经断开
common.c	329	正常	2020-07-23 18:35:33	用户已连接
common.c	329	正常	2020-07-23 18:35:33	发送数据至客户端完成
common.c	329	正常	2020-07-23 18:35:33	退出系统
common.c	329	正常	2020-07-23 18:35:38	用户已经断开
common.c	329	正常	2020-07-23 18:36:09	用户已连接
common.c	329	正常	2020-07-23 18:36:09	发送数据至客户端完成
common.c	329	正常	2020-07-23 18:36:09	退出系统
common.c	329	正常	2020-07-23 18:36:12	用户已经断开
common.c	329	正常	2020-07-23 18:36:39	用户已连接
common.c	329	正常	2020-07-23 18:36:39	发送数据至客户端完成
common.c	329	正常	2020-07-23 18:36:39	退出系统
common.c	329	正常	2020-07-23 18:37:05	用户已经断开
common.c	329	正常	2020-07-23 18:37:55	用户已连接
common.c	329	正常	2020-07-23 18:37:55	发送数据至客户端完成
common.c	329	正常	2020-07-23 18:37:55	退出系统
common.c	329	正常	2020-07-23 18:38:11	用户已经断开
common.c	329	正常	2020-07-23 18:46:58	用户已连接
common.c	329	正常	2020-07-23 18:46:58	发送数据至客户端完成
common.c	329	正常	2020-07-23 18:46:58	退出系统
common.c	329	正常	2020-07-23 18:47:19	用户已经断开
common.c	329	正常	2020-07-23 18:47:47	用户已连接
common.c	329	正常	2020-07-23 18:47:47	发送数据至客户端完成
common.c	329	正常	2020-07-23 18:47:47	退出系统
common.c	329	正常	2020-07-23 18:48:03	用户已经断开
common.c	329	正常	2020-07-23 18:50:30	用户已连接
common.c	329	正常	2020-07-23 18:50:30	发送数据至客户端完成
common.c	329	正常	2020-07-23 18:50:30	退出系统
common.c	329	正常	2020-07-23 18:50:33	用户已经断开
common.c	329	正常	2020-07-23 18:50:34	用户已连接
common.c	329	正常	2020-07-23 18:50:34	发送数据至客户端完成
common.c	329	正常	2020-07-23 18:50:34	退出系统
common.c	329	正常	2020-07-23 18:51:03	用户已经断开
common.c	329	正常	2020-07-23 18:51:55	用户已连接
common.c	329	正常	2020-07-23 18:51:55	发送数据至客户端完成
common.c	329	正常	2020-07-23 18:51:55	退出系统
common.c	329	正常	2020-07-23 18:52:12	用户已经断开
common.c	329	正常	2020-07-23 18:52:31	用户已连接
common.c	329	正常	2020-07-23 18:52:31	发送数据至客户端完成
common.c	329	正常	2020-07-23 18:52:31	退出系统
common.c	329	正常	2020-07-23 18:53:08	用户已经断开
common.c	329	正常	2020-07-23 18:53:26	用户已连接
common.c	329	正常	2020-07-23 18:53:26	发送数据至客户端完成
common.c	329	正常	2020-07-23 18:53:26	退出系统
common.c	329	正常	2020-07-23 18:53:38	用户已经断开
common.c	329	正常	2020-07-23 18:54:21	用户已连接
common.c	329	正常	2020-07-23 18:54:21	发送数据至客户端完成
common.c	329	正常	2020-07-23 18:54:21	退出系统
common.c	329	正常	2020-07-23 18:54:24	用户已经断开
common.c	329	正常	2020-07-23 18:54:25	用户已连接
common.c	329	正常	2020-07-23 18:54:25	发送数据至客户端完成
common.c	329	正常	2020-07-23 18:54:25	退出系统
common.c	329	正常	2020-07-23 18:54:40	用户已经断开
common.c	329	正常	2020-07-23 18:55:04	用户已连接
common.c	329	正常	2020-07-23 18:55:04	发送数据至客户端完成
common.c	329	正常	2020-07-23 18:55:04	退出系统
common.c	329	正常	2020-07-23 18:55:17	用户已经断开
common.c	329	正常	2020-07-23 18:56:38	用户已连接
common.c	329	正常	2020-07-23 18:56:38	发送数据至客户端完成
common.c	329	正常	2020-07-23 18:56:38	退出系统
common.c	329	正常	2020-07-23 18:56:52	用户已经断开
common.c	329	正常	2020-07-23 18:57:04	用户已连接
common.c	329	正常	2020-07-23 18:57:04	发送数据至客户端完成
common.c	329	正常	2020-07-23 18:57:04	退出系统
common.c	329	正常	2020-07-23 18:57:18	用户已经断开
common.c	329	正常	2020-07-23 18:58:17	用户已连接
common.c	329	正常	2020-07-23 18:58:17	发送数据至客户端完成
common.c	329	正常	2020-07-23 18:58:17	退出系统
common.c	329	正常	2020-07-23 18:58:34	用户已经断开
common.c	329	正常	2020-07-23 19:00:03	用户已连接
common.c	329	正常	2020-07-23 19:00:03	发送数据至客户端完成
common.c	329	正常	2020-07-23 19:00:03	退出系统
common.c	329	正常	2020-07-23 19:00:05	用户已经断开
common.c	329	正常	2020-07-23 19:00:06	用户已连接
common.c	329	正常	2020-07-23 19:00:06	发送数据至客户端完成
common.c	329	正常	2020-07-23 19:00:06	退出系统
common.c	329	正常	2020-07-23 19:00:36	用户已经断开
common.c	329	正常	2020-07-23 19:00:49	用户已连接
common.c	329	正常	2020-07-23 19:00:49	发送数据至客户端完成
common.c	329	正常	2020-07-23 19:00:49	退出系统
common.c	329	正常	2020-07-23 19:01:23	用户已经断开
common.c	329	正常	2020-07-23 19:01:24	用户已连接
common.c	329	正常	2020-07-23 19:01:24	发送数据至客户端完成
common.c	329	正常	2020-07-23 19:01:24	退出系统
common.c	329	正常	2020-07-23 19:01:48	用户已经断开
common.c	329	正常	2020-07-23 19:03:09	用户已连接
common.c	329	正常	2020-07-23 19:03:09	发送数据至客户端完成
common.c	329	正常	2020-07-23 19:03:09	退出系统
common.c	329	正常	2020-07-23 19:03:36	用户已经断开
common.c	329	正常	2020-07-23 19:04:01	用户已连接
common.c	329	正常	2020-07-23 19:04:01	发送数据至客户端完成
common.c	329	正常	2020-07-23 19:04:01	退出系统
common.c	329	正常	2020-07-23 19:04:28	用户已经断开
common.c	329	正常	2020-07-23 19:06:21	用户已连接
common.c	329	正常	2020-07-23 19:06:21	发送数据至客户端完成
common.c	329	正常	2020-07-23 19:06:21	退出系统
common.c	329	正常	2020-07-23 19:06:35	用户已经断开
common.c	329	正常	2020-07-23 19:06:36	用户已连接
common.c	329	正常	2020-07-23 19:06:36	发送数据至客户端完成
common.c	329	正常	2020-07-23 19:06:36	退出系统
common.c	329	正常	2020-07-23 19:06:50	用户已连接
common.c	329	正常	2020-07-23 19:06:50	发送数据至客户端完成
common.c	329	正常	2020-07-23 19:06:50	退出系统
common.c	329	正常	2020-07-23 19:07:02	用户已经断开
common.c	329	正常	2020-07-23 19:07:45	用户已连接
common.c	329	正常	2020-07-23 19:07:45	发送数据至客户端完成
common.c	329	正常	2020-07-23 19:07:45	退出系统
common.c	329	正常	2020-07-23 19:07:59	用户已经断开
common.c	329	正常	2020-07-23 19:08:53	用户已连接
common.c	329	正常	2020-07-23 19:08:53	发送数据至客户端完成
common.c	329	正常	2020-07-23 19:08:53	退出系统
common.c	329	正常	2020-07-23 19:09:25	用户已经断开
common.c	329	正常	2020-07-23 19:09:26	用户已连接
common.c	329	正常	2020-07-23 19:09:26	发送数据至客户端完成
common.c	329	正常	2020-07-23 19:09:26	退出系统
common.c	329	正常	2020-07-23 19:09:32	用户已经断开
common.c	329	正常	2020-07-23 19:10:10	用户已连接
common.c	329	正常	2020-07-23 19:10:10	发送数据至客户端完成
common.c	329	正常	2020-07-23 19:10:10	退出系统
common.c	329	正常	2020-07-23 19:10:15	用户已经断开
common.c	329	正常	2020-07-23 19:10:57	用户已连接
common.c	329	正常	2020-07-23 19:10:57	发送数据至客户端完成
common.c	329	正常	2020-07-23 19:10:57	退出系统
common.c	329	正常	2020-07-23 19:11:04	用户已经断开
common.c	329	正常	2020-07-23 19:11:07	用户已连接
common.c	329	正常	2020-07-23 19:11:07	发送数据至客户端完成
common.c	329	正常	2020-07-23 19:11:07	退出系统
common.c	329	正常	2020-07-23 19:11:10	用户已经断开
common.c	329	正常	2020-07-23 19:11:11	用户已连接
common.c	329	正常	2020-07-23 19:11:11	发送数据至客户端完成
common.c	329	正常	2020-07-23 19:11:11	退出系统
common.c	329	正常	2020-07-23 19:11:12	用户已经断开
common.c	329	正常	2020-07-23 19:11:34	用户已连接
common.c	329	正常	2020-07-23 19:11:34	发送数据至客户端完成
common.c	329	正常	2020-07-23 19:11:34	退出系统
common.c	329	正常	2020-07-23 19:11:42	用户已经断开
common.c	329	正常	2020-07-23 19:11:59	用户已连接
common.c	329	正常	2020-07-23 19:11:59	发送数据至客户端完成
common.c	329	正常	2020-07-23 19:11:59	退出系统
common.c	329	正常	2020-07-23 19:12:04	用户已经断开
common.c	329	正常	2020-07-23 19:12:16	用户已连接
common.c	329	正常	2020-07-23 19:12:16	发送数据至客户端完成
common.c	329	正常	2020-07-23 19:12:16	退出系统
common.c	329	正常	2020-07-23 19:12:22	用户已经断开
common.c	329	正常	2020-07-23 19:12:37	用户已连接
common.c	329	正常	2020-07-23 19:12:37	发送数据至客户端完成
common.c	329	正常	2020-07-23 19:12:37	退出系统
common.c	329	正常	2020-07-23 19:12:42	用户已经断开
common.c	329	正常	2020-07-23 19:13:07	用户已连接
common.c	329	正常	2020-07-23 19:13:07	发送数据至客户端完成
common.c	329	正常	2020-07-23 19:13:07	退出系统
common.c	329	正常	2020-07-23 19:13:11	用户已经断开
common.c	329	正常	2020-07-23 19:13:21	用户已连接
common.c	329	正常	2020-07-23 19:13:21	发送数据至客户端完成
common.c	329	正常	2020-07-23 19:13:21	退出系统
common.c	329	正常	2020-07-23 19:13:30	用户已经断开
common.c	329	正常	2020-07-23 19:14:00	用户已连接
common.c	329	正常	2020-07-23 19:14:00	发送数据至客户端完成
common.c	329	正常	2020-07-23 19:14:00	退出系统
common.c	329	正常	2020-07-23 19:14:09	用户已连接
common.c	329	正常	2020-07-23 19:14:09	发送数据至客户端完成
common.c	329	正常	2020-07-23 19:14:09	退出系统
common.c	329	正常	2020-07-23 19:14:12	用户已经断开
common.c	329	正常	2020-07-23 19:14:21	用户已连接
common.c	329	正常	2020-07-23 19:14:21	发送数据至客户端完成
common.c	329	正常	2020-07-23 19:14:21	退出系统
common.c	329	正常	2020-07-23 19:15:20	用户已连接
common.c	329	正常	2020-07-23 19:15:20	发送数据至客户端完成
common.c	329	正常	2020-07-23 19:15:20	退出系统
common.c	329	正常	2020-07-23 19:15:31	用户已经断开
common.c	329	正常	2020-07-23 19:15:45	用户已连接
common.c	329	正常	2020-07-23 19:15:45	发送数据至客户端完成
common.c	329	正常	2020-07-23 19:15:45	退出系统
common.c	329	正常	2020-07-23 19:15:53	用户已经断开
common.c	329	正常	2020-07-23 19:16:09	用户已连接
common.c	329	正常	2020-07-23 19:16:09	发送数据至客户端完成
common.c	329	正常	2020-07-23 19:16:09	退出系统
common.c	329	正常	2020-07-23 19:16:21	用户已经断开
common.c	329	正常	2020-07-23 19:16:22	用户已连接
common.c	329	正常	2020-07-23 19:16:22	发送数据至客户端完成
common.c	329	正常	2020-07-23 19:16:22	退出系统
common.c	329	正常	2020-07-23 19:16:46	用户已经断开
common.c	329	正常	2020-07-23 19:16:46	用户已连接
common.c	329	正常	2020-07-23 19:16:46	发送数据至客户端完成
common.c	329	正常	2020-07-23 19:16:46	退出系统
common.c	329	正常	2020-07-23 19:17:12	用户已经断开
common.c	329	正常	2020-07-23 19:17:56	用户已连接
common.c	329	正常	2020-07-23 19:17:56	发送数据至客户端完成
common.c	329	正常	2020-07-23 19:17:56	退出系统
common.c	329	正常	2020-07-23 19:18:20	用户已经断开
common.c	329	正常	2020-07-23 19:18:25	用户已连接
common.c	329	正常	2020-07-23 19:18:25	发送数据至客户端完成
common.c	329	正常	2020-07-23 19:18:25	退出系统
common.c	329	正常	2020-07-23 19:18:51	用户已经断开
common.c	329	正常	2020-07-23 19:19:17	用户已连接
common.c	329	正常	2020-07-23 19:19:17	发送数据至客户端完成
common.c	329	正常	2020-07-23 19:19:17	退出系统
common.c	329	正常	2020-07-23 19:19:37	用户已经断开
common.c	329	正常	2020-07-23 19:20:11	用户已连接
common.c	329	正常	2020-07-23 19:20:11	发送数据至客户端完成
common.c	329	正常	2020-07-23 19:20:11	退出系统
common.c	329	正常	2020-07-23 19:20:39	用户已经断开
common.c	329	正常	2020-07-23 19:22:41	用户已连接
common.c	329	正常	2020-07-23 19:22:41	发送数据至客户端完成
common.c	329	正常	2020-07-23 19:22:41	退出系统
common.c	329	正常	2020-07-23 19:23:04	用户已经断开
common.c	329	正常	2020-07-23 19:23:46	用户已连接
common.c	329	正常	2020-07-23 19:23:46	发送数据至客户端完成
common.c	329	正常	2020-07-23 19:23:46	退出系统
common.c	329	正常	2020-07-23 19:24:10	用户已经断开
common.c	329	正常	2020-07-23 19:24:32	用户已连接
common.c	329	正常	2020-07-23 19:24:32	发送数据至客户端完成
common.c	329	正常	2020-07-23 19:24:32	退出系统
common.c	329	正常	2020-07-23 19:24:34	用户已经断开
common.c	329	正常	2020-07-23 19:24:40	用户已连接
common.c	329	正常	2020-07-23 19:24:40	发送数据至客户端完成
common.c	329	正常	2020-07-23 19:24:40	退出系统
common.c	329	正常	2020-07-23 19:24:40	用户已经断开
common.c	329	正常	2020-07-23 19:24:41	用户已连接
common.c	329	正常	2020-07-23 19:24:41	发送数据至客户端完成
common.c	329	正常	2020-07-23 19:24:41	退出系统
common.c	329	正常	2020-07-23 19:24:43	用户已经断开
common.c	329	正常	2020-07-23 19:24:44	用户已连接
common.c	329	正常	2020-07-23 19:24:44	发送数据至客户端完成
common.c	329	正常	2020-07-23 19:24:44	退出系统
common.c	329	正常	2020-07-23 19:24:47	用户已经断开
common.c	329	正常	2020-07-23 19:24:49	用户已连接
common.c	329	正常	2020-07-23 19:24:49	发送数据至客户端完成
common.c	329	正常	2020-07-23 19:24:49	退出系统
common.c	329	正常	2020-07-23 19:24:59	用户已经断开
common.c	329	正常	2020-07-23 19:28:39	用户已连接
common.c	329	正常	2020-07-23 19:28:39	发送数据至客户端完成
common.c	329	正常	2020-07-23 19:28:39	退出系统
common.c	329	正常	2020-07-23 19:28:41	用户已经断开
common.c	329	正常	2020-07-23 19:28:42	用户已连接
common.c	329	正常	2020-07-23 19:28:42	发送数据至客户端完成
common.c	329	正常	2020-07-23 19:28:42	退出系统
common.c	329	正常	2020-07-23 19:28:57	用户已经断开
common.c	329	正常	2020-07-23 19:31:39	用户已连接
common.c	329	正常	2020-07-23 19:31:39	发送数据至客户端完成
common.c	329	正常	2020-07-23 19:31:39	退出系统
common.c	329	正常	2020-07-23 19:31:56	用户已经断开
common.c	329	正常	2020-07-23 19:32:22	用户已连接
common.c	329	正常	2020-07-23 19:32:22	发送数据至客户端完成
common.c	329	正常	2020-07-23 19:32:22	退出系统
common.c	329	正常	2020-07-23 19:32:44	用户已经断开
common.c	329	正常	2020-07-23 19:33:45	用户已连接
common.c	329	正常	2020-07-23 19:33:45	发送数据至客户端完成
common.c	329	正常	2020-07-23 19:33:45	退出系统
common.c	329	正常	2020-07-23 19:34:11	成功写入学生数据
common.c	329	正常	2020-07-23 19:34:11	退出系统
common.c	329	正常	2020-07-23 19:34:13	用户已经断开
common.c	329	正常	2020-07-23 19:36:04	用户已连接
common.c	329	正常	2020-07-23 19:36:04	发送数据至客户端完成
common.c	329	正常	2020-07-23 19:36:04	退出系统
common.c	329	正常	2020-07-23 19:36:30	用户已经断开
common.c	329	正常	2020-07-23 19:59:38	用户已连接
common.c	329	正常	2020-07-23 19:59:38	发送数据至客户端完成
common.c	329	正常	2020-07-23 19:59:38	退出系统
common.c	329	正常	2020-07-23 19:59:59	用户已经断开
common.c	329	正常	2020-07-23 20:00:09	用户已连接
common.c	329	正常	2020-07-23 20:00:09	发送数据至客户端完成
common.c	329	正常	2020-07-23 20:00:09	退出系统
common.c	329	正常	2020-07-23 20:00:53	用户已经断开
common.c	329	正常	2020-07-23 20:01:21	用户已连接
common.c	329	正常	2020-07-23 20:01:21	发送数据至客户端完成
common.c	329	正常	2020-07-23 20:01:21	退出系统
common.c	329	正常	2020-07-23 20:02:09	用户已经断开
common.c	329	正常	2020-07-23 20:02:49	用户已连接
common.c	329	正常	2020-07-23 20:02:49	发送数据至客户端完成
common.c	329	正常	2020-07-23 20:02:49	退出系统
common.c	329	正常	2020-07-23 20:03:22	用户已经断开
common.c	329	正常	2020-07-23 20:03:52	用户已连接
common.c	329	正常	2020-07-23 20:03:52	发送数据至客户端完成
common.c	329	正常	2020-07-23 20:03:52	退出系统
common.c	329	正常	2020-07-23 20:04:17	用户已经断开
common.c	329	正常	2020-07-23 20:04:37	用户已连接
common.c	329	正常	2020-07-23 20:04:37	发送数据至客户端完成
common.c	329	正常	2020-07-23 20:04:37	退出系统
common.c	329	正常	2020-07-23 20:05:07	用户已经断开
common.c	329	正常	2020-07-23 20:06:53	用户已连接
common.c	329	正常	2020-07-23 20:06:53	发送数据至客户端完成
common.c	329	正常	2020-07-23 20:06:53	退出系统
common.c	329	正常	2020-07-23 20:07:07	用户已经断开
common.c	329	正常	2020-07-23 20:48:20	用户已连接
common.c	329	正常	2020-07-23 20:48:20	发送数据至客户端完成
common.c	329	正常	2020-07-23 20:48:20	退出系统
common.c	329	正常	2020-07-23 20:48:24	用户已经断开
common.c	329	正常	2020-07-23 21:21:12	用户已连接
common.c	329	正常	2020-07-23 21:21:12	发送数据至客户端完成
common.c	329	正常	2020-07-23 21:21:12	退出系统
common.c	329	正常	2020-07-23 21:21:33	用户已经断开
common.c	329	正常	2020-07-23 21:21:52	用户已连接
common.c	329	正常	2020-07-23 21:21:52	发送数据至客户端完成
common.c	329	正常	2020-07-23 21:21:52	退出系统
common.c	329	正常	2020-07-23 21:22:00	用户已经断开
common.c	329	正常	2020-07-23 21:22:22	用户已连接
common.c	329	正常	2020-07-23 21:22:22	发送数据至客户端完成
common.c	329	正常	2020-07-23 21:22:22	退出系统
common.c	329	正常	2020-07-23 21:22:26	用户已经断开
common.c	329	正常	2020-07-23 21:53:26	用户已连接
common.c	329	正常	2020-07-23 21:53:26	发送数据至客户端完成
common.c	329	正常	2020-07-23 21:53:26	退出系统
common.c	329	正常	2020-07-23 21:54:06	用户已经断开
common.c	329	正常	2020-07-23 22:02:59	用户已连接
common.c	329	正常	2020-07-23 22:02:59	发送数据至客户端完成
common.c	329	正常	2020-07-23 22:02:59	退出系统
common.c	329	正常	2020-07-23 22:03:08	用户已经断开
common.c	329	正常	2020-07-23 22:13:20	用户已连接
common.c	329	正常	2020-07-23 22:13:20	发送数据至客户端完成
common.c	329	正常	2020-07-23 22:13:20	退出系统
common.c	329	正常	2020-07-23 22:13:32	用户已经断开
common.c	329	正常	2020-07-23 22:14:42	用户已连接
common.c	329	正常	2020-07-23 22:14:42	发送数据至客户端完成
common.c	329	正常	2020-07-23 22:14:42	退出系统
common.c	329	正常	2020-07-23 22:15:06	用户已经断开
common.c	329	正常	2020-07-23 22:15:26	用户已连接
common.c	329	正常	2020-07-23 22:15:26	发送数据至客户端完成
common.c	329	正常	2020-07-23 22:15:26	退出系统
common.c	329	正常	2020-07-23 22:15:33	用户已经断开
common.c	329	正常	2020-07-23 22:16:57	用户已连接
common.c	329	正常	2020-07-23 22:16:57	发送数据至客户端完成
common.c	329	正常	2020-07-23 22:16:57	退出系统
common.c	329	正常	2020-07-23 22:17:09	用户已经断开
common.c	329	正常	2020-07-23 22:17:40	用户已连接
common.c	329	正常	2020-07-23 22:17:40	发送数据至客户端完成
common.c	329	正常	2020-07-23 22:17:40	退出系统
common.c	329	正常	2020-07-23 22:17:50	用户已连接
common.c	329	正常	2020-07-23 22:17:50	发送数据至客户端完成
common.c	329	正常	2020-07-23 22:17:50	退出系统
common.c	329	正常	2020-07-23 22:17:52	用户已经断开
common.c	329	正常	2020-07-23 22:18:29	用户已连接
common.c	329	正常	2020-07-23 22:18:29	发送数据至客户端完成
common.c	329	正常	2020-07-23 22:18:29	退出系统
common.c	329	正常	2020-07-23 22:18:35	用户已经断开
common.c	329	正常	2020-07-23 22:29:12	用户已连接
common.c	329	正常	2020-07-23 22:29:12	发送数据至客户端完成
common.c	329	正常	2020-07-23 22:29:12	退出系统
common.c	329	正常	2020-07-23 22:29:22	用户已经断开
common.c	329	正常	2020-07-23 22:35:38	用户已连接
common.c	329	正常	2020-07-23 22:35:38	发送数据至客户端完成
common.c	329	正常	2020-07-23 22:35:38	退出系统
common.c	329	正常	2020-07-23 22:35:49	用户已经断开
common.c	329	正常	2020-07-23 22:35:49	用户已连接
common.c	329	正常	2020-07-23 22:35:49	发送数据至客户端完成
common.c	329	正常	2020-07-23 22:35:49	退出系统
common.c	329	正常	2020-07-23 22:36:20	用户已经断开
common.c	329	正常	2020-07-23 22:37:53	用户已连接
common.c	329	正常	2020-07-23 22:37:53	发送数据至客户端完成
common.c	329	正常	2020-07-23 22:37:53	退出系统
common.c	329	正常	2020-07-23 22:38:40	用户已经断开
common.c	329	正常	2020-07-23 22:46:53	用户已连接
common.c	329	正常	2020-07-23 22:46:53	发送数据至客户端完成
common.c	329	正常	2020-07-23 22:46:53	退出系统
common.c	329	正常	2020-07-23 22:47:07	用户已经断开
common.c	329	正常	2020-07-23 22:49:29	用户已连接
common.c	329	正常	2020-07-23 22:49:29	发送数据至客户端完成
common.c	329	正常	2020-07-23 22:49:29	退出系统
common.c	329	正常	2020-07-23 22:49:46	用户已经断开
common.c	329	正常	2020-07-23 23:00:47	用户已连接
common.c	329	正常	2020-07-23 23:00:47	发送数据至客户端完成
common.c	329	正常	2020-07-23 23:00:47	退出系统
common.c	329	正常	2020-07-23 23:01:12	用户已经断开
common.c	329	正常	2020-07-23 23:05:08	用户已连接
common.c	329	正常	2020-07-23 23:05:08	发送数据至客户端完成
common.c	329	正常	2020-07-23 23:05:08	退出系统
common.c	329	正常	2020-07-23 23:05:28	用户已经断开
common.c	329	正常	2020-07-23 23:23:04	用户已连接
common.c	329	正常	2020-07-23 23:23:04	发送数据至客户端完成
common.c	329	正常	2020-07-23 23:23:04	退出系统
common.c	329	正常	2020-07-23 23:23:13	用户已经断开
common.c	329	正常	2020-07-23 23:23:43	用户已连接
common.c	329	正常	2020-07-23 23:23:43	发送数据至客户端完成
common.c	329	正常	2020-07-23 23:23:43	退出系统
common.c	329	正常	2020-07-23 23:24:07	用户已经断开
common.c	329	正常	2020-07-23 23:24:40	用户已连接
common.c	329	正常	2020-07-23 23:24:40	发送数据至客户端完成
common.c	329	正常	2020-07-23 23:24:40	退出系统
common.c	329	正常	2020-07-23 23:24:49	用户已经断开
common.c	329	正常	2020-07-23 23:25:08	用户已连接
common.c	329	正常	2020-07-23 23:25:08	发送数据至客户端完成
common.c	329	正常	2020-07-23 23:25:08	退出系统
common.c	329	正常	2020-07-23 23:25:19	用户已经断开
common.c	329	正常	2020-07-23 23:26:01	用户已连接
common.c	329	正常	2020-07-23 23:26:01	发送数据至客户端完成
common.c	329	正常	2020-07-23 23:26:01	退出系统
common.c	329	正常	2020-07-23 23:26:09	用户已经断开
common.c	329	正常	2020-07-23 23:26:27	用户已连接
common.c	329	正常	2020-07-23 23:26:27	发送数据至客户端完成
common.c	329	正常	2020-07-23 23:26:27	退出系统
common.c	329	正常	2020-07-23 23:26:39	用户已经断开
common.c	329	正常	2020-07-24 10:34:33	用户已连接
common.c	329	正常	2020-07-24 10:34:33	发送数据至客户端完成
common.c	329	正常	2020-07-24 10:34:33	退出系统
common.c	329	正常	2020-07-24 10:35:12	用户已经断开
common.c	329	正常	2020-07-24 10:35:13	用户已连接
common.c	329	正常	2020-07-24 10:35:13	发送数据至客户端完成
common.c	329	正常	2020-07-24 10:35:13	退出系统
common.c	329	正常	2020-07-24 10:37:06	用户已经断开
common.c	329	正常	2020-07-24 10:37:28	用户已连接
common.c	329	正常	2020-07-24 10:37:28	发送数据至客户端完成
common.c	329	正常	2020-07-24 10:37:28	退出系统
common.c	329	正常	2020-07-24 10:37:30	用户已经断开
common.c	329	正常	2020-07-24 10:58:09	用户已连接
common.c	329	正常	2020-07-24 10:58:09	发送数据至客户端完成
common.c	329	正常	2020-07-24 10:58:09	退出系统
common.c	329	正常	2020-07-24 10:58:15	用户已经断开
common.c	329	正常	2020-07-24 10:58:43	用户已连接
common.c	329	正常	2020-07-24 10:58:43	发送数据至客户端完成
common.c	329	正常	2020-07-24 10:58:43	退出系统
common.c	329	正常	2020-07-24 10:59:08	用户已经断开
common.c	329	正常	2020-07-24 11:04:19	用户已连接
common.c	329	正常	2020-07-24 11:04:19	发送数据至客户端完成
common.c	329	正常	2020-07-24 11:04:19	退出系统
common.c	329	正常	2020-07-24 11:04:24	用户已经断开
common.c	329	正常	2020-07-24 11:04:28	用户已连接
common.c	329	正常	2020-07-24 11:04:28	发送数据至客户端完成
common.c	329	正常	2020-07-24 11:04:28	退出系统
common.c	329	正常	2020-07-24 11:04:34	用户已经断开
common.c	329	正常	2020-07-24 11:04:35	用户已连接
common.c	329	正常	2020-07-24 11:04:35	发送数据至客户端完成
common.c	329	正常	2020-07-24 11:04:35	退出系统
common.c	329	正常	2020-07-24 11:04:36	用户已经断开
common.c	329	正常	2020-07-24 11:05:00	用户已连接
common.c	329	正常	2020-07-24 11:05:00	发送数据至客户端完成
common.c	329	正常	2020-07-24 11:05:00	退出系统
common.c	329	正常	2020-07-24 11:05:08	用户已经断开
common.c	329	正常	2020-07-24 11:05:31	用户已连接
common.c	329	正常	2020-07-24 11:05:31	发送数据至客户端完成
common.c	329	正常	2020-07-24 11:05:31	退出系统
common.c	329	正常	2020-07-24 11:05:35	用户已经断开
common.c	329	正常	2020-07-24 11:05:37	用户已连接
common.c	329	正常	2020-07-24 11:05:37	发送数据至客户端完成
common.c	329	正常	2020-07-24 11:05:37	退出系统
common.c	329	正常	2020-07-24 11:05:39	用户已经断开
common.c	329	正常	2020-07-24 11:05:41	用户已连接
common.c	329	正常	2020-07-24 11:05:41	发送数据至客户端完成
common.c	329	正常	2020-07-24 11:05:41	退出系统
common.c	329	正常	2020-07-24 11:07:03	用户已经断开
common.c	329	正常	2020-07-24 11:13:40	用户已连接
common.c	329	正常	2020-07-24 11:13:40	发送数据至客户端完成
common.c	329	正常	2020-07-24 11:13:40	退出系统
common.c	329	正常	2020-07-24 11:13:45	用户已经断开
common.c	329	正常	2020-07-24 11:13:48	用户已连接
common.c	329	正常	2020-07-24 11:13:48	发送数据至客户端完成
common.c	329	正常	2020-07-24 11:13:48	退出系统
common.c	329	正常	2020-07-24 11:13:51	用户已经断开
common.c	329	正常	2020-07-24 11:25:57	用户已连接
common.c	329	正常	2020-07-24 11:25:57	发送数据至客户端完成
common.c	329	正常	2020-07-24 11:25:57	退出系统
common.c	329	正常	2020-07-24 11:26:05	用户已经断开
common.c	329	正常	2020-07-24 11:26:23	用户已连接
common.c	329	正常	2020-07-24 11:26:23	发送数据至客户端完成
common.c	329	正常	2020-07-24 11:26:23	退出系统
common.c	329	正常	2020-07-24 11:27:40	用户已经断开
common.c	329	正常	2020-07-24 11:28:12	用户已连接
common.c	329	正常	2020-07-24 11:28:12	发送数据至客户端完成
common.c	329	正常	2020-07-24 11:28:12	退出系统
common.c	329	正常	2020-07-24 11:28:22	用户已经断开
common.c	329	正常	2020-07-24 11:28:45	用户已连接
common.c	329	正常	2020-07-24 11:28:45	发送数据至客户端完成
common.c	329	正常	2020-07-24 11:28:45	退出系统
common.c	329	正常	2020-07-24 11:29:07	用户已经断开
common.c	329	正常	2020-07-24 11:29:34	用户已连接
common.c	329	正常	2020-07-24 11:29:34	发送数据至客户端完成
common.c	329	正常	2020-07-24 11:29:34	退出系统
common.c	329	正常	2020-07-24 11:29:57	用户已经断开
common.c	329	正常	2020-07-24 11:30:12	用户已连接
common.c	329	正常	2020-07-24 11:30:12	发送数据至客户端完成
common.c	329	正常	2020-07-24 11:30:12	退出系统
common.c	329	正常	2020-07-24 11:30:17	用户已经断开
common.c	329	正常	2020-07-24 11:30:59	用户已连接
common.c	329	正常	2020-07-24 11:30:59	发送数据至客户端完成
common.c	329	正常	2020-07-24 11:30:59	退出系统
common.c	329	正常	2020-07-24 11:31:28	用户已经断开
common.c	329	正常	2020-07-24 11:32:05	用户已连接
common.c	329	正常	2020-07-24 11:32:05	发送数据至客户端完成
common.c	329	正常	2020-07-24 11:32:05	退出系统
common.c	329	正常	2020-07-24 11:32:16	用户已经断开
common.c	329	正常	2020-07-24 11:33:14	用户已连接
common.c	329	正常	2020-07-24 11:33:14	发送数据至客户端完成
common.c	329	正常	2020-07-24 11:33:14	退出系统
common.c	329	正常	2020-07-24 11:33:20	用户已经断开
common.c	329	正常	2020-07-24 11:33:35	用户已连接
common.c	329	正常	2020-07-24 11:33:35	发送数据至客户端完成
common.c	329	正常	2020-07-24 11:33:35	退出系统
common.c	329	正常	2020-07-24 11:33:42	用户已经断开
common.c	329	正常	2020-07-24 11:34:45	用户已连接
common.c	329	正常	2020-07-24 11:34:45	发送数据至客户端完成
common.c	329	正常	2020-07-24 11:34:45	退出系统
common.c	329	正常	2020-07-24 11:34:49	用户已经断开
common.c	329	正常	2020-07-24 11:37:01	用户已连接
common.c	329	正常	2020-07-24 11:37:01	发送数据至客户端完成
common.c	329	正常	2020-07-24 11:37:01	退出系统
common.c	329	正常	2020-07-24 11:37:16	用户已经断开
common.c	329	正常	2020-07-24 11:38:04	用户已连接
common.c	329	正常	2020-07-24 11:38:04	发送数据至客户端完成
common.c	329	正常	2020-07-24 11:38:04	退出系统
common.c	329	正常	2020-07-24 11:38:11	用户已经断开
common.c	329	正常	2020-07-24 11:38:31	用户已连接
common.c	329	正常	2020-07-24 11:38:31	发送数据至客户端完成
common.c	329	正常	2020-07-24 11:38:31	退出系统
common.c	329	正常	2020-07-24 11:38:35	用户已经断开
common.c	329	正常	2020-07-24 11:38:35	用户已连接
common.c	329	正常	2020-07-24 11:38:35	发送数据至客户端完成
common.c	329	正常	2020-07-24 11:38:35	退出系统
common.c	329	正常	2020-07-24 11:38:46	用户已经断开
common.c	329	正常	2020-07-24 11:39:00	用户已连接
common.c	329	正常	2020-07-24 11:39:00	发送数据至客户端完成
common.c	329	正常	2020-07-24 11:39:00	退出系统
common.c	329	正常	2020-07-24 11:39:15	用户已经断开
common.c	329	正常	2020-07-24 11:39:34	用户已连接
common.c	329	正常	2020-07-24 11:39:34	发送数据至客户端完成
common.c	329	正常	2020-07-24 11:39:34	退出系统
common.c	329	正常	2020-07-24 11:39:51	用户已经断开
common.c	329	正常	2020-07-24 11:39:53	用户已连接
common.c	329	正常	2020-07-24 11:39:53	发送数据至客户端完成
common.c	329	正常	2020-07-24 11:39:53	退出系统
common.c	329	正常	2020-07-24 11:39:57	用户已经断开
common.c	329	正常	2020-07-24 11:40:00	用户已连接
common.c	329	正常	2020-07-24 11:40:00	发送数据至客户端完成
common.c	329	正常	2020-07-24 11:40:00	退出系统
common.c	329	正常	2020-07-24 11:40:09	用户已经断开
common.c	329	正常	2020-07-24 11:40:44	用户已连接
common.c	329	正常	2020-07-24 11:40:44	发送数据至客户端完成
common.c	329	正常	2020-07-24 11:40:44	退出系统
common.c	329	正常	2020-07-24 11:40:58	用户已经断开
common.c	329	正常	2020-07-24 11:41:15	用户已连接
common.c	329	正常	2020-07-24 11:41:15	发送数据至客户端完成
common.c	329	正常	2020-07-24 11:41:15	退出系统
common.c	329	正常	2020-07-24 11:41:21	用户已经断开
common.c	329	正常	2020-07-24 11:41:54	用户已连接
common.c	329	正常	2020-07-24 11:41:54	发送数据至客户端完成
common.c	329	正常	2020-07-24 11:41:54	退出系统
common.c	329	正常	2020-07-24 11:42:13	用户已经断开
common.c	329	正常	2020-07-24 11:42:34	用户已连接
common.c	329	正常	2020-07-24 11:42:34	发送数据至客户端完成
common.c	329	正常	2020-07-24 11:42:34	退出系统
common.c	329	正常	2020-07-24 11:42:39	用户已经断开
common.c	329	正常	2020-07-24 11:43:34	用户已连接
common.c	329	正常	2020-07-24 11:43:34	发送数据至客户端完成
common.c	329	正常	2020-07-24 11:43:34	退出系统
common.c	329	正常	2020-07-24 11:43:43	用户已经断开
common.c	329	正常	2020-07-24 11:43:44	用户已连接
common.c	329	正常	2020-07-24 11:43:44	发送数据至客户端完成
common.c	329	正常	2020-07-24 11:43:44	退出系统
common.c	329	正常	2020-07-24 11:43:45	用户已经断开
common.c	329	正常	2020-07-24 11:43:46	用户已连接
common.c	329	正常	2020-07-24 11:43:46	发送数据至客户端完成
common.c	329	正常	2020-07-24 11:43:46	退出系统
common.c	329	正常	2020-07-24 11:43:46	用户已经断开
common.c	329	正常	2020-07-24 11:43:48	用户已连接
common.c	329	正常	2020-07-24 11:43:48	发送数据至客户端完成
common.c	329	正常	2020-07-24 11:43:48	退出系统
common.c	329	正常	2020-07-24 11:43:49	用户已经断开
common.c	329	正常	2020-07-24 11:44:46	用户已连接
common.c	329	正常	2020-07-24 11:44:46	发送数据至客户端完成
common.c	329	正常	2020-07-24 11:44:46	退出系统
common.c	329	正常	2020-07-24 11:44:48	用户已经断开
common.c	329	正常	2020-07-24 11:44:49	用户已连接
common.c	329	正常	2020-07-24 11:44:49	发送数据至客户端完成
common.c	329	正常	2020-07-24 11:44:49	退出系统
common.c	329	正常	2020-07-24 11:45:01	用户已经断开
common.c	329	正常	2020-07-24 11:45:17	用户已连接
common.c	329	正常	2020-07-24 11:45:17	发送数据至客户端完成
common.c	329	正常	2020-07-24 11:45:17	退出系统
common.c	329	正常	2020-07-24 11:47:00	用户已连接
common.c	329	正常	2020-07-24 11:47:00	发送数据至客户端完成
common.c	329	正常	2020-07-24 11:47:00	退出系统
common.c	329	正常	2020-07-24 11:47:05	用户已经断开
common.c	329	正常	2020-07-24 11:48:41	用户已连接
common.c	329	正常	2020-07-24 11:48:41	发送数据至客户端完成
common.c	329	正常	2020-07-24 11:48:41	退出系统
common.c	329	正常	2020-07-24 11:48:57	用户已经断开
common.c	329	正常	2020-07-24 11:49:42	用户已连接
common.c	329	正常	2020-07-24 11:49:42	发送数据至客户端完成
common.c	329	正常	2020-07-24 11:49:42	退出系统
common.c	329	正常	2020-07-24 11:49:52	用户已经断开
common.c	329	正常	2020-07-24 11:50:47	用户已连接
common.c	329	正常	2020-07-24 11:50:47	发送数据至客户端完成
common.c	329	正常	2020-07-24 11:50:47	退出系统
common.c	329	正常	2020-07-24 11:50:58	用户已经断开
common.c	329	正常	2020-07-24 11:51:32	用户已连接
common.c	329	正常	2020-07-24 11:51:32	发送数据至客户端完成
common.c	329	正常	2020-07-24 11:51:32	退出系统
common.c	329	正常	2020-07-24 11:51:48	用户已经断开
common.c	329	正常	2020-07-24 11:52:23	用户已连接
common.c	329	正常	2020-07-24 11:52:23	发送数据至客户端完成
common.c	329	正常	2020-07-24 11:52:23	退出系统
common.c	329	正常	2020-07-24 11:52:24	用户已经断开
common.c	329	正常	2020-07-24 11:52:54	用户已连接
common.c	329	正常	2020-07-24 11:52:54	发送数据至客户端完成
common.c	329	正常	2020-07-24 11:52:54	退出系统
common.c	329	正常	2020-07-24 11:52:55	用户已经断开
common.c	329	正常	2020-07-24 11:55:44	用户已连接
common.c	329	正常	2020-07-24 11:55:44	发送数据至客户端完成
common.c	329	正常	2020-07-24 11:55:44	退出系统
common.c	329	正常	2020-07-24 11:55:45	用户已经断开
common.c	329	正常	2020-07-24 11:58:45	用户已连接
common.c	329	正常	2020-07-24 11:58:45	发送数据至客户端完成
common.c	329	正常	2020-07-24 11:58:45	退出系统
common.c	329	正常	2020-07-24 11:58:46	用户已经断开
common.c	329	正常	2020-07-24 12:02:32	用户已连接
common.c	329	正常	2020-07-24 12:02:32	发送数据至客户端完成
common.c	329	正常	2020-07-24 12:02:32	退出系统
common.c	329	正常	2020-07-24 12:02:36	用户已经断开
common.c	329	正常	2020-07-24 12:02:37	用户已连接
common.c	329	正常	2020-07-24 12:02:37	发送数据至客户端完成
common.c	329	正常	2020-07-24 12:02:37	退出系统
common.c	329	正常	2020-07-24 12:02:41	用户已经断开
common.c	329	正常	2020-07-24 14:22:50	用户已连接
common.c	329	正常	2020-07-24 14:22:50	发送数据至客户端完成
common.c	329	正常	2020-07-24 14:22:50	退出系统
common.c	329	正常	2020-07-24 14:22:54	用户已经断开
common.c	329	正常	2020-07-24 14:35:28	用户已连接
common.c	329	正常	2020-07-24 14:35:28	发送数据至客户端完成
common.c	329	正常	2020-07-24 14:35:28	退出系统
common.c	329	正常	2020-07-24 14:35:39	用户已经断开
common.c	329	正常	2020-07-24 14:36:13	用户已连接
common.c	329	正常	2020-07-24 14:36:13	发送数据至客户端完成
common.c	329	正常	2020-07-24 14:36:13	退出系统
common.c	329	正常	2020-07-24 14:36:18	用户已经断开
common.c	329	正常	2020-07-24 14:36:29	用户已连接
common.c	329	正常	2020-07-24 14:36:29	发送数据至客户端完成
common.c	329	正常	2020-07-24 14:36:29	退出系统
common.c	329	正常	2020-07-24 14:36:35	用户已经断开
common.c	329	正常	2020-07-24 14:36:53	用户已连接
common.c	329	正常	2020-07-24 14:36:53	发送数据至客户端完成
common.c	329	正常	2020-07-24 14:36:53	退出系统
common.c	329	正常	2020-07-24 14:37:04	用户已经断开
common.c	329	正常	2020-07-24 14:37:21	用户已连接
common.c	329	正常	2020-07-24 14:37:21	发送数据至客户端完成
common.c	329	正常	2020-07-24 14:37:21	退出系统
common.c	329	正常	2020-07-24 14:37:26	用户已经断开
common.c	329	正常	2020-07-24 14:37:47	用户已连接
common.c	329	正常	2020-07-24 14:37:47	发送数据至客户端完成
common.c	329	正常	2020-07-24 14:37:47	退出系统
common.c	329	正常	2020-07-24 14:37:54	用户已经断开
common.c	329	正常	2020-07-24 14:37:56	用户已连接
common.c	329	正常	2020-07-24 14:37:56	发送数据至客户端完成
common.c	329	正常	2020-07-24 14:37:56	退出系统
common.c	329	正常	2020-07-24 14:38:01	用户已经断开
common.c	329	正常	2020-07-24 14:40:52	用户已连接
common.c	329	正常	2020-07-24 14:40:52	发送数据至客户端完成
common.c	329	正常	2020-07-24 14:40:52	退出系统
common.c	329	正常	2020-07-24 14:41:04	用户已经断开
common.c	329	正常	2020-07-24 14:48:38	用户已连接
common.c	329	正常	2020-07-24 14:48:38	发送数据至客户端完成
common.c	329	正常	2020-07-24 14:48:38	退出系统
common.c	329	正常	2020-07-24 14:48:45	用户已经断开
common.c	329	正常	2020-07-24 14:48:49	用户已连接
common.c	329	正常	2020-07-24 14:48:49	发送数据至客户端完成
common.c	329	正常	2020-07-24 14:48:49	退出系统
common.c	329	正常	2020-07-24 14:49:40	用户已经断开
common.c	329	正常	2020-07-24 14:49:56	用户已连接
common.c	329	正常	2020-07-24 14:49:56	发送数据至客户端完成
common.c	329	正常	2020-07-24 14:49:56	退出系统
common.c	329	正常	2020-07-24 14:49:58	用户已经断开
common.c	329	正常	2020-07-24 14:54:27	用户已连接
common.c	329	正常	2020-07-24 14:54:27	发送数据至客户端完成
common.c	329	正常	2020-07-24 14:54:27	退出系统
common.c	329	正常	2020-07-24 14:55:00	用户已经断开
common.c	329	正常	2020-07-24 14:56:42	用户已连接
common.c	329	正常	2020-07-24 14:56:42	发送数据至客户端完成
common.c	329	正常	2020-07-24 14:56:42	退出系统
common.c	329	正常	2020-07-24 14:56:43	用户已经断开
scommon.c	329	正常	2020-07-24 15:01:53	用户已连接
scommon.c	329	正常	2020-07-24 15:01:53	发送数据至客户端完成
scommon.c	329	正常	2020-07-24 15:01:53	退出系统
scommon.c	329	正常	2020-07-24 15:01:57	用户已经断开
scommon.c	329	正常	2020-07-24 15:03:03	用户已连接
scommon.c	329	正常	2020-07-24 15:03:03	发送数据至客户端完成
scommon.c	329	正常	2020-07-24 15:03:03	退出系统
scommon.c	329	正常	2020-07-24 15:03:04	用户已经断开
scommon.c	329	正常	2020-07-24 15:13:36	用户已连接
scommon.c	329	正常	2020-07-24 15:13:36	发送数据至客户端完成
scommon.c	329	正常	2020-07-24 15:13:36	退出系统
scommon.c	329	正常	2020-07-24 15:13:39	用户已经断开
scommon.c	329	正常	2020-07-24 15:35:53	用户已连接
scommon.c	329	正常	2020-07-24 15:35:53	发送数据至客户端完成
scommon.c	329	正常	2020-07-24 15:35:53	退出系统
scommon.c	329	正常	2020-07-24 15:35:57	用户已经断开
